458  [main] INFO  org.apache.pig.Main  - Apache Pig version 0.14.0 (r1640057) compiled Nov 16 2014, 18:02:05
473  [main] INFO  org.apache.pig.Main  - Logging error messages to: /home/acadgild/Downloads/log/alive.log
724  [main] INFO  org.apache.hadoop.conf.Configuration.deprecation  - user.name is deprecated. Instead, use mapreduce.job.user.name
1303 [main] INFO  org.apache.hadoop.conf.Configuration.deprecation  - mapred.used.genericoptionsparser is deprecated. Instead, use mapreduce.client.genericoptionsparser.used
2984 [main] INFO  org.apache.pig.impl.util.Utils  - Default bootup file /home/acadgild/.pigbootup not found
3638 [main] INFO  org.apache.hadoop.conf.Configuration.deprecation  - fs.default.name is deprecated. Instead, use fs.defaultFS
3642 [main] INFO  org.apache.hadoop.conf.Configuration.deprecation  - mapred.job.tracker is deprecated. Instead, use mapreduce.jobtracker.address
3654 [main] INFO  org.apache.pig.backend.hadoop.executionengine.HExecutionEngine  - Connecting to hadoop file system at: file:///
7372 [main] INFO  org.apache.hadoop.conf.Configuration.deprecation  - mapred.job.tracker.persist.jobstatus.hours is deprecated. Instead, use mapreduce.jobtracker.persist.jobstatus.hours
7379 [main] INFO  org.apache.hadoop.conf.Configuration.deprecation  - mapred.heartbeats.in.second is deprecated. Instead, use mapreduce.jobtracker.heartbeats.in.second
7380 [main] INFO  org.apache.hadoop.conf.Configuration.deprecation  - jobclient.completion.poll.interval is deprecated. Instead, use mapreduce.client.completion.pollinterval
7381 [main] INFO  org.apache.hadoop.conf.Configuration.deprecation  - mapred.tasktracker.tasks.sleeptime-before-sigkill is deprecated. Instead, use mapreduce.tasktracker.tasks.sleeptimebeforesigkill
7382 [main] INFO  org.apache.hadoop.conf.Configuration.deprecation  - mapred.job.tracker.http.address is deprecated. Instead, use mapreduce.jobtracker.http.address
7382 [main] INFO  org.apache.hadoop.conf.Configuration.deprecation  - mapred.skip.map.max.skip.records is deprecated. Instead, use mapreduce.map.skip.maxrecords
7382 [main] INFO  org.apache.hadoop.conf.Configuration.deprecation  - topology.node.switch.mapping.impl is deprecated. Instead, use net.topology.node.switch.mapping.impl
7383 [main] INFO  org.apache.hadoop.conf.Configuration.deprecation  - mapred.submit.replication is deprecated. Instead, use mapreduce.client.submit.file.replication
7383 [main] INFO  org.apache.hadoop.conf.Configuration.deprecation  - job.end.retry.attempts is deprecated. Instead, use mapreduce.job.end-notification.retry.attempts
7388 [main] INFO  org.apache.hadoop.conf.Configuration.deprecation  - mapred.reduce.slowstart.completed.maps is deprecated. Instead, use mapreduce.job.reduce.slowstart.completedmaps
7388 [main] INFO  org.apache.hadoop.conf.Configuration.deprecation  - mapred.task.profile.reduces is deprecated. Instead, use mapreduce.task.profile.reduces
7389 [main] INFO  org.apache.hadoop.conf.Configuration.deprecation  - mapred.job.queue.name is deprecated. Instead, use mapreduce.job.queuename
7391 [main] INFO  org.apache.hadoop.conf.Configuration.deprecation  - mapred.job.tracker.jobhistory.lru.cache.size is deprecated. Instead, use mapreduce.jobtracker.jobhistory.lru.cache.size
7391 [main] INFO  org.apache.hadoop.conf.Configuration.deprecation  - mapred.skip.attempts.to.start.skipping is deprecated. Instead, use mapreduce.task.skip.start.attempts
7395 [main] INFO  org.apache.hadoop.conf.Configuration.deprecation  - mapred.tasktracker.expiry.interval is deprecated. Instead, use mapreduce.jobtracker.expire.trackers.interval
7395 [main] INFO  org.apache.hadoop.conf.Configuration.deprecation  - keep.failed.task.files is deprecated. Instead, use mapreduce.task.files.preserve.failedtasks
7396 [main] INFO  org.apache.hadoop.conf.Configuration.deprecation  - mapred.tasktracker.map.tasks.maximum is deprecated. Instead, use mapreduce.tasktracker.map.tasks.maximum
7397 [main] INFO  org.apache.hadoop.conf.Configuration.deprecation  - mapred.max.tracker.failures is deprecated. Instead, use mapreduce.job.maxtaskfailures.per.tracker
7397 [main] INFO  org.apache.hadoop.conf.Configuration.deprecation  - mapred.map.child.log.level is deprecated. Instead, use mapreduce.map.log.level
7397 [main] INFO  org.apache.hadoop.conf.Configuration.deprecation  - mapred.local.dir is deprecated. Instead, use mapreduce.cluster.local.dir
7398 [main] INFO  org.apache.hadoop.conf.Configuration.deprecation  - mapred.child.tmp is deprecated. Instead, use mapreduce.task.tmp.dir
7398 [main] INFO  org.apache.hadoop.conf.Configuration.deprecation  - mapred.local.dir.minspacestart is deprecated. Instead, use mapreduce.tasktracker.local.dir.minspacestart
7404 [main] INFO  org.apache.hadoop.conf.Configuration.deprecation  - tasktracker.http.threads is deprecated. Instead, use mapreduce.tasktracker.http.threads
7405 [main] INFO  org.apache.hadoop.conf.Configuration.deprecation  - mapred.map.tasks.speculative.execution is deprecated. Instead, use mapreduce.map.speculative
7405 [main] INFO  org.apache.hadoop.conf.Configuration.deprecation  - mapred.jobtracker.restart.recover is deprecated. Instead, use mapreduce.jobtracker.restart.recover
7406 [main] INFO  org.apache.hadoop.conf.Configuration.deprecation  - mapred.jobtracker.taskScheduler is deprecated. Instead, use mapreduce.jobtracker.taskscheduler
7406 [main] INFO  org.apache.hadoop.conf.Configuration.deprecation  - mapreduce.jobtracker.split.metainfo.maxsize is deprecated. Instead, use mapreduce.job.split.metainfo.maxsize
7406 [main] INFO  org.apache.hadoop.conf.Configuration.deprecation  - mapred.task.timeout is deprecated. Instead, use mapreduce.task.timeout
7408 [main] INFO  org.apache.hadoop.conf.Configuration.deprecation  - hadoop.native.lib is deprecated. Instead, use io.native.lib.available
7408 [main] INFO  org.apache.hadoop.conf.Configuration.deprecation  - mapred.task.tracker.report.address is deprecated. Instead, use mapreduce.tasktracker.report.address
7408 [main] INFO  org.apache.hadoop.conf.Configuration.deprecation  - mapred.task.profile is deprecated. Instead, use mapreduce.task.profile
7409 [main] INFO  org.apache.hadoop.conf.Configuration.deprecation  - mapred.job.reduce.markreset.buffer.percent is deprecated. Instead, use mapreduce.reduce.markreset.buffer.percent
7409 [main] INFO  org.apache.hadoop.conf.Configuration.deprecation  - mapred.merge.recordsBeforeProgress is deprecated. Instead, use mapreduce.task.merge.progress.records
7417 [main] INFO  org.apache.hadoop.conf.Configuration.deprecation  - mapred.job.reduce.input.buffer.percent is deprecated. Instead, use mapreduce.reduce.input.buffer.percent
7418 [main] INFO  org.apache.hadoop.conf.Configuration.deprecation  - mapred.job.shuffle.input.buffer.percent is deprecated. Instead, use mapreduce.reduce.shuffle.input.buffer.percent
7418 [main] INFO  org.apache.hadoop.conf.Configuration.deprecation  - job.end.retry.interval is deprecated. Instead, use mapreduce.job.end-notification.retry.interval
7418 [main] INFO  org.apache.hadoop.conf.Configuration.deprecation  - mapred.tasktracker.dns.nameserver is deprecated. Instead, use mapreduce.tasktracker.dns.nameserver
7418 [main] INFO  org.apache.hadoop.conf.Configuration.deprecation  - mapred.speculative.execution.slowTaskThreshold is deprecated. Instead, use mapreduce.job.speculative.slowtaskthreshold
7419 [main] INFO  org.apache.hadoop.conf.Configuration.deprecation  - dfs.df.interval is deprecated. Instead, use fs.df.interval
7419 [main] INFO  org.apache.hadoop.conf.Configuration.deprecation  - mapred.temp.dir is deprecated. Instead, use mapreduce.cluster.temp.dir
7419 [main] INFO  org.apache.hadoop.conf.Configuration.deprecation  - mapred.acls.enabled is deprecated. Instead, use mapreduce.cluster.acls.enabled
7419 [main] INFO  org.apache.hadoop.conf.Configuration.deprecation  - io.sort.spill.percent is deprecated. Instead, use mapreduce.map.sort.spill.percent
7425 [main] INFO  org.apache.hadoop.conf.Configuration.deprecation  - mapred.tasktracker.instrumentation is deprecated. Instead, use mapreduce.tasktracker.instrumentation
7425 [main] INFO  org.apache.hadoop.conf.Configuration.deprecation  - mapred.job.tracker.handler.count is deprecated. Instead, use mapreduce.jobtracker.handler.count
7426 [main] INFO  org.apache.hadoop.conf.Configuration.deprecation  - mapred.reduce.tasks.speculative.execution is deprecated. Instead, use mapreduce.reduce.speculative
7429 [main] INFO  org.apache.hadoop.conf.Configuration.deprecation  - mapred.job.shuffle.merge.percent is deprecated. Instead, use mapreduce.reduce.shuffle.merge.percent
7431 [main] INFO  org.apache.hadoop.conf.Configuration.deprecation  - mapred.committer.job.setup.cleanup.needed is deprecated. Instead, use mapreduce.job.committer.setup.cleanup.needed
7432 [main] INFO  org.apache.hadoop.conf.Configuration.deprecation  - mapred.system.dir is deprecated. Instead, use mapreduce.jobtracker.system.dir
7432 [main] INFO  org.apache.hadoop.conf.Configuration.deprecation  - mapred.job.tracker.retiredjobs.cache.size is deprecated. Instead, use mapreduce.jobtracker.retiredjobs.cache.size
7432 [main] INFO  org.apache.hadoop.conf.Configuration.deprecation  - mapred.jobtracker.instrumentation is deprecated. Instead, use mapreduce.jobtracker.instrumentation
7439 [main] INFO  org.apache.hadoop.conf.Configuration.deprecation  - mapreduce.job.counters.limit is deprecated. Instead, use mapreduce.job.counters.max
7439 [main] INFO  org.apache.hadoop.conf.Configuration.deprecation  - mapred.skip.reduce.max.skip.groups is deprecated. Instead, use mapreduce.reduce.skip.maxgroups
7446 [main] INFO  org.apache.hadoop.conf.Configuration.deprecation  - mapred.jobtracker.maxtasks.per.job is deprecated. Instead, use mapreduce.jobtracker.maxtasks.perjob
7447 [main] INFO  org.apache.hadoop.conf.Configuration.deprecation  - mapred.task.tracker.task-controller is deprecated. Instead, use mapreduce.tasktracker.taskcontroller
7447 [main] INFO  org.apache.hadoop.conf.Configuration.deprecation  - mapred.reduce.parallel.copies is deprecated. Instead, use mapreduce.reduce.shuffle.parallelcopies
7448 [main] INFO  org.apache.hadoop.conf.Configuration.deprecation  - jobclient.progress.monitor.poll.interval is deprecated. Instead, use mapreduce.client.progressmonitor.pollinterval
7463 [main] INFO  org.apache.hadoop.conf.Configuration.deprecation  - mapred.map.max.attempts is deprecated. Instead, use mapreduce.map.maxattempts
7471 [main] INFO  org.apache.hadoop.conf.Configuration.deprecation  - io.sort.factor is deprecated. Instead, use mapreduce.task.io.sort.factor
7471 [main] INFO  org.apache.hadoop.conf.Configuration.deprecation  - mapred.task.profile.maps is deprecated. Instead, use mapreduce.task.profile.maps
7471 [main] INFO  org.apache.hadoop.conf.Configuration.deprecation  - mapred.shuffle.read.timeout is deprecated. Instead, use mapreduce.reduce.shuffle.read.timeout
7472 [main] INFO  org.apache.hadoop.conf.Configuration.deprecation  - mapred.tasktracker.indexcache.mb is deprecated. Instead, use mapreduce.tasktracker.indexcache.mb
7472 [main] INFO  org.apache.hadoop.conf.Configuration.deprecation  - mapred.max.tracker.blacklists is deprecated. Instead, use mapreduce.jobtracker.tasktracker.maxblacklists
7472 [main] INFO  org.apache.hadoop.conf.Configuration.deprecation  - io.sort.mb is deprecated. Instead, use mapreduce.task.io.sort.mb
7472 [main] INFO  org.apache.hadoop.conf.Configuration.deprecation  - topology.script.number.args is deprecated. Instead, use net.topology.script.number.args
7473 [main] INFO  org.apache.hadoop.conf.Configuration.deprecation  - mapred.tasktracker.dns.interface is deprecated. Instead, use mapreduce.tasktracker.dns.interface
7473 [main] INFO  org.apache.hadoop.conf.Configuration.deprecation  - mapred.job.tracker.persist.jobstatus.active is deprecated. Instead, use mapreduce.jobtracker.persist.jobstatus.active
7473 [main] INFO  org.apache.hadoop.conf.Configuration.deprecation  - mapred.compress.map.output is deprecated. Instead, use mapreduce.map.output.compress
7473 [main] INFO  org.apache.hadoop.conf.Configuration.deprecation  - mapred.task.cache.levels is deprecated. Instead, use mapreduce.jobtracker.taskcache.levels
7474 [main] INFO  org.apache.hadoop.conf.Configuration.deprecation  - mapred.min.split.size is deprecated. Instead, use mapreduce.input.fileinputformat.split.minsize
7480 [main] INFO  org.apache.hadoop.conf.Configuration.deprecation  - mapred.output.compress is deprecated. Instead, use mapreduce.output.fileoutputformat.compress
7483 [main] INFO  org.apache.hadoop.conf.Configuration.deprecation  - mapred.map.tasks is deprecated. Instead, use mapreduce.job.maps
7483 [main] INFO  org.apache.hadoop.conf.Configuration.deprecation  - mapred.speculative.execution.slowNodeThreshold is deprecated. Instead, use mapreduce.job.speculative.slownodethreshold
7483 [main] INFO  org.apache.hadoop.conf.Configuration.deprecation  - mapred.job.tracker.persist.jobstatus.dir is deprecated. Instead, use mapreduce.jobtracker.persist.jobstatus.dir
7484 [main] INFO  org.apache.hadoop.conf.Configuration.deprecation  - mapred.task.tracker.http.address is deprecated. Instead, use mapreduce.tasktracker.http.address
7484 [main] INFO  org.apache.hadoop.conf.Configuration.deprecation  - mapred.tasktracker.taskmemorymanager.monitoring-interval is deprecated. Instead, use mapreduce.tasktracker.taskmemorymanager.monitoringinterval
7484 [main] INFO  org.apache.hadoop.conf.Configuration.deprecation  - mapred.inmem.merge.threshold is deprecated. Instead, use mapreduce.reduce.merge.inmem.threshold
7484 [main] INFO  org.apache.hadoop.conf.Configuration.deprecation  - dfs.umaskmode is deprecated. Instead, use fs.permissions.umask-mode
7489 [main] INFO  org.apache.hadoop.conf.Configuration.deprecation  - mapred.map.output.compression.codec is deprecated. Instead, use mapreduce.map.output.compress.codec
7490 [main] INFO  org.apache.hadoop.conf.Configuration.deprecation  - mapred.reduce.child.log.level is deprecated. Instead, use mapreduce.reduce.log.level
7490 [main] INFO  org.apache.hadoop.conf.Configuration.deprecation  - mapred.healthChecker.interval is deprecated. Instead, use mapreduce.tasktracker.healthchecker.interval
7498 [main] INFO  org.apache.hadoop.conf.Configuration.deprecation  - mapred.output.compression.codec is deprecated. Instead, use mapreduce.output.fileoutputformat.compress.codec
7499 [main] INFO  org.apache.hadoop.conf.Configuration.deprecation  - mapred.speculative.execution.speculativeCap is deprecated. Instead, use mapreduce.job.speculative.speculativecap
7499 [main] INFO  org.apache.hadoop.conf.Configuration.deprecation  - io.bytes.per.checksum is deprecated. Instead, use dfs.bytes-per-checksum
7500 [main] INFO  org.apache.hadoop.conf.Configuration.deprecation  - mapred.shuffle.connect.timeout is deprecated. Instead, use mapreduce.reduce.shuffle.connect.timeout
7503 [main] INFO  org.apache.hadoop.conf.Configuration.deprecation  - mapred.reduce.tasks is deprecated. Instead, use mapreduce.job.reduces
7503 [main] INFO  org.apache.hadoop.conf.Configuration.deprecation  - jobclient.output.filter is deprecated. Instead, use mapreduce.client.output.filter
7503 [main] INFO  org.apache.hadoop.conf.Configuration.deprecation  - mapred.jobtracker.job.history.block.size is deprecated. Instead, use mapreduce.jobtracker.jobhistory.block.size
7504 [main] INFO  org.apache.hadoop.conf.Configuration.deprecation  - mapred.output.compression.type is deprecated. Instead, use mapreduce.output.fileoutputformat.compress.type
7504 [main] INFO  org.apache.hadoop.conf.Configuration.deprecation  - mapred.job.reuse.jvm.num.tasks is deprecated. Instead, use mapreduce.job.jvm.numtasks
7504 [main] INFO  org.apache.hadoop.conf.Configuration.deprecation  - fs.default.name is deprecated. Instead, use fs.defaultFS
7504 [main] INFO  org.apache.hadoop.conf.Configuration.deprecation  - mapred.reduce.max.attempts is deprecated. Instead, use mapreduce.reduce.maxattempts
7504 [main] INFO  org.apache.hadoop.conf.Configuration.deprecation  - mapred.healthChecker.script.timeout is deprecated. Instead, use mapreduce.tasktracker.healthchecker.script.timeout
7509 [main] INFO  org.apache.hadoop.conf.Configuration.deprecation  - mapred.tasktracker.reduce.tasks.maximum is deprecated. Instead, use mapreduce.tasktracker.reduce.tasks.maximum
7509 [main] INFO  org.apache.hadoop.conf.Configuration.deprecation  - mapred.userlog.limit.kb is deprecated. Instead, use mapreduce.task.userlog.limit.kb
7510 [main] INFO  org.apache.hadoop.conf.Configuration.deprecation  - mapred.userlog.retain.hours is deprecated. Instead, use mapreduce.job.userlog.retain.hours
7511 [main] INFO  org.apache.hadoop.conf.Configuration.deprecation  - mapred.local.dir.minspacekill is deprecated. Instead, use mapreduce.tasktracker.local.dir.minspacekill
8420 [main] WARN  org.apache.hadoop.util.NativeCodeLoader  - Unable to load native-hadoop library for your platform... using builtin-java classes where applicable
9896 [main] INFO  org.apache.pig.tools.pigstats.ScriptState  - Pig features used in the script: GROUP_BY,FILTER
10406 [main] INFO  org.apache.hadoop.conf.Configuration.deprecation  - fs.default.name is deprecated. Instead, use fs.defaultFS
10800 [main] INFO  org.apache.pig.newplan.logical.optimizer.LogicalPlanOptimizer  - {RULES_ENABLED=[AddForEach, ColumnMapKeyPrune, ConstantCalculator, GroupByConstParallelSetter, LimitOptimizer, LoadTypeCastInserter, MergeFilter, MergeForEach, PartitionFilterOptimizer, PredicatePushdownOptimizer, PushDownForEachFlatten, PushUpFilter, SplitFilter, StreamTypeCastInserter]}
11749 [main] INFO  org.apache.pig.backend.hadoop.executionengine.mapReduceLayer.MRCompiler  - File concatenation threshold: 100 optimistic? false
11892 [main] INFO  org.apache.pig.backend.hadoop.executionengine.util.CombinerOptimizerUtil  - Choosing to move algebraic foreach to combiner
12182 [main] INFO  org.apache.pig.backend.hadoop.executionengine.mapReduceLayer.MultiQueryOptimizer  - MR plan size before optimization: 1
12183 [main] INFO  org.apache.pig.backend.hadoop.executionengine.mapReduceLayer.MultiQueryOptimizer  - MR plan size after optimization: 1
12831 [main] INFO  org.apache.hadoop.conf.Configuration.deprecation  - fs.default.name is deprecated. Instead, use fs.defaultFS
13021 [main] INFO  org.apache.hadoop.conf.Configuration.deprecation  - session.id is deprecated. Instead, use dfs.metrics.session-id
13034 [main] INFO  org.apache.hadoop.metrics.jvm.JvmMetrics  - Initializing JVM Metrics with processName=JobTracker, sessionId=
13441 [main] INFO  org.apache.pig.tools.pigstats.mapreduce.MRScriptState  - Pig script settings are added to the job
13574 [main] INFO  org.apache.pig.backend.hadoop.executionengine.mapReduceLayer.JobControlCompiler  - mapred.job.reduce.markreset.buffer.percent is not set, set to default 0.3
13642 [main] INFO  org.apache.pig.backend.hadoop.executionengine.mapReduceLayer.JobControlCompiler  - Reduce phase detected, estimating # of required reducers.
13651 [main] INFO  org.apache.pig.backend.hadoop.executionengine.mapReduceLayer.JobControlCompiler  - Using reducer estimator: org.apache.pig.backend.hadoop.executionengine.mapReduceLayer.InputSizeReducerEstimator
13802 [main] INFO  org.apache.pig.backend.hadoop.executionengine.mapReduceLayer.InputSizeReducerEstimator  - BytesPerReducer=1000000000 maxReducers=999 totalInputFileSize=60220
13815 [main] INFO  org.apache.pig.backend.hadoop.executionengine.mapReduceLayer.JobControlCompiler  - Setting Parallelism to 1
14394 [main] INFO  org.apache.pig.backend.hadoop.executionengine.mapReduceLayer.JobControlCompiler  - Setting up single store job
14540 [main] INFO  org.apache.pig.data.SchemaTupleFrontend  - Key [pig.schematuple] is false, will not generate code.
14543 [main] INFO  org.apache.pig.data.SchemaTupleFrontend  - Starting process to move generated code to distributed cacche
14543 [main] INFO  org.apache.pig.data.SchemaTupleFrontend  - Distributed cache not supported or needed in local mode. Setting key [pig.schematuple.local.dir] with code temp directory: /tmp/1492358396074-0
15759 [main] INFO  org.apache.pig.backend.hadoop.executionengine.mapReduceLayer.MapReduceLauncher  - 1 map-reduce job(s) waiting for submission.
15904 [JobControl] INFO  org.apache.hadoop.metrics.jvm.JvmMetrics  - Cannot initialize JVM Metrics with processName=JobTracker, sessionId= - already initialized
16078 [JobControl] INFO  org.apache.hadoop.conf.Configuration.deprecation  - mapred.job.name is deprecated. Instead, use mapreduce.job.name
16083 [JobControl] INFO  org.apache.hadoop.conf.Configuration.deprecation  - mapreduce.map.class is deprecated. Instead, use mapreduce.job.map.class
16083 [JobControl] INFO  org.apache.hadoop.conf.Configuration.deprecation  - mapred.input.dir is deprecated. Instead, use mapreduce.input.fileinputformat.inputdir
16084 [JobControl] INFO  org.apache.hadoop.conf.Configuration.deprecation  - mapreduce.reduce.class is deprecated. Instead, use mapreduce.job.reduce.class
16084 [JobControl] INFO  org.apache.hadoop.conf.Configuration.deprecation  - mapreduce.inputformat.class is deprecated. Instead, use mapreduce.job.inputformat.class
16085 [JobControl] INFO  org.apache.hadoop.conf.Configuration.deprecation  - mapred.output.value.groupfn.class is deprecated. Instead, use mapreduce.job.output.group.comparator.class
16085 [JobControl] INFO  org.apache.hadoop.conf.Configuration.deprecation  - mapreduce.outputformat.class is deprecated. Instead, use mapreduce.job.outputformat.class
16085 [JobControl] INFO  org.apache.hadoop.conf.Configuration.deprecation  - mapreduce.job.counters.limit is deprecated. Instead, use mapreduce.job.counters.max
16090 [JobControl] INFO  org.apache.hadoop.conf.Configuration.deprecation  - mapred.output.value.class is deprecated. Instead, use mapreduce.job.output.value.class
16090 [JobControl] INFO  org.apache.hadoop.conf.Configuration.deprecation  - io.sort.factor is deprecated. Instead, use mapreduce.task.io.sort.factor
16090 [JobControl] INFO  org.apache.hadoop.conf.Configuration.deprecation  - mapred.output.dir is deprecated. Instead, use mapreduce.output.fileoutputformat.outputdir
16091 [JobControl] INFO  org.apache.hadoop.conf.Configuration.deprecation  - io.sort.mb is deprecated. Instead, use mapreduce.task.io.sort.mb
16091 [JobControl] INFO  org.apache.hadoop.conf.Configuration.deprecation  - mapreduce.combine.class is deprecated. Instead, use mapreduce.job.combine.class
16091 [JobControl] INFO  org.apache.hadoop.conf.Configuration.deprecation  - io.bytes.per.checksum is deprecated. Instead, use dfs.bytes-per-checksum
16092 [JobControl] INFO  org.apache.hadoop.conf.Configuration.deprecation  - mapred.output.key.comparator.class is deprecated. Instead, use mapreduce.job.output.key.comparator.class
16092 [JobControl] INFO  org.apache.hadoop.conf.Configuration.deprecation  - mapred.output.key.class is deprecated. Instead, use mapreduce.job.output.key.class
19245 [JobControl] WARN  org.apache.hadoop.mapreduce.JobSubmitter  - No job jar file set.  User classes may not be found. See Job or Job#setJar(String).
19749 [JobControl] INFO  org.apache.hadoop.mapreduce.lib.input.FileInputFormat  - Total input paths to process : 1
19750 [JobControl] INFO  org.apache.pig.backend.hadoop.executionengine.util.MapRedUtil  - Total input paths to process : 1
19917 [JobControl] INFO  org.apache.pig.backend.hadoop.executionengine.util.MapRedUtil  - Total input paths (combined) to process : 1
20551 [JobControl] INFO  org.apache.hadoop.mapreduce.JobSubmitter  - number of splits:1
20724 [JobControl] INFO  org.apache.hadoop.conf.Configuration.deprecation  - mapred.working.dir is deprecated. Instead, use mapreduce.job.working.dir
22172 [JobControl] INFO  org.apache.hadoop.mapreduce.JobSubmitter  - Submitting tokens for job: job_local1503141003_0001
22920 [JobControl] WARN  org.apache.hadoop.conf.Configuration  - file:/tmp/hadoop-acadgild/mapred/staging/acadgild1503141003/.staging/job_local1503141003_0001/job.xml:an attempt to override final parameter: mapreduce.job.end-notification.max.retry.interval;  Ignoring.
22956 [JobControl] WARN  org.apache.hadoop.conf.Configuration  - file:/tmp/hadoop-acadgild/mapred/staging/acadgild1503141003/.staging/job_local1503141003_0001/job.xml:an attempt to override final parameter: mapreduce.job.end-notification.max.attempts;  Ignoring.
24511 [JobControl] WARN  org.apache.hadoop.conf.Configuration  - file:/tmp/hadoop-acadgild/mapred/local/localRunner/acadgild/job_local1503141003_0001/job_local1503141003_0001.xml:an attempt to override final parameter: mapreduce.job.end-notification.max.retry.interval;  Ignoring.
24541 [JobControl] WARN  org.apache.hadoop.conf.Configuration  - file:/tmp/hadoop-acadgild/mapred/local/localRunner/acadgild/job_local1503141003_0001/job_local1503141003_0001.xml:an attempt to override final parameter: mapreduce.job.end-notification.max.attempts;  Ignoring.
24600 [JobControl] INFO  org.apache.hadoop.mapreduce.Job  - The url to track the job: http://localhost:8080/
24604 [main] INFO  org.apache.pig.backend.hadoop.executionengine.mapReduceLayer.MapReduceLauncher  - HadoopJobId: job_local1503141003_0001
24605 [main] INFO  org.apache.pig.backend.hadoop.executionengine.mapReduceLayer.MapReduceLauncher  - Processing aliases ALIVECOUNTBYEACHCLASS,GROUPBYEACHCLASS,SURVIVEDFROMSOUTH,TITANIC
24605 [main] INFO  org.apache.pig.backend.hadoop.executionengine.mapReduceLayer.MapReduceLauncher  - detailed locations: M: TITANIC[6,10],TITANIC[-1,-1],SURVIVEDFROMSOUTH[23,20],ALIVECOUNTBYEACHCLASS[29,24],GROUPBYEACHCLASS[26,19] C: ALIVECOUNTBYEACHCLASS[29,24],GROUPBYEACHCLASS[26,19] R: ALIVECOUNTBYEACHCLASS[29,24]
24654 [Thread-14] INFO  org.apache.hadoop.mapred.LocalJobRunner  - OutputCommitter set in config null
24727 [main] INFO  org.apache.pig.backend.hadoop.executionengine.mapReduceLayer.MapReduceLauncher  - 0% complete
24728 [main] INFO  org.apache.pig.backend.hadoop.executionengine.mapReduceLayer.MapReduceLauncher  - Running jobs are [job_local1503141003_0001]
24903 [Thread-14] INFO  org.apache.hadoop.conf.Configuration.deprecation  - mapred.job.tracker.persist.jobstatus.hours is deprecated. Instead, use mapreduce.jobtracker.persist.jobstatus.hours
24907 [Thread-14] INFO  org.apache.hadoop.conf.Configuration.deprecation  - mapred.heartbeats.in.second is deprecated. Instead, use mapreduce.jobtracker.heartbeats.in.second
24907 [Thread-14] INFO  org.apache.hadoop.conf.Configuration.deprecation  - mapred.job.name is deprecated. Instead, use mapreduce.job.name
24907 [Thread-14] INFO  org.apache.hadoop.conf.Configuration.deprecation  - jobclient.completion.poll.interval is deprecated. Instead, use mapreduce.client.completion.pollinterval
24907 [Thread-14] INFO  org.apache.hadoop.conf.Configuration.deprecation  - mapred.tasktracker.tasks.sleeptime-before-sigkill is deprecated. Instead, use mapreduce.tasktracker.tasks.sleeptimebeforesigkill
24908 [Thread-14] INFO  org.apache.hadoop.conf.Configuration.deprecation  - mapred.job.tracker.http.address is deprecated. Instead, use mapreduce.jobtracker.http.address
24908 [Thread-14] INFO  org.apache.hadoop.conf.Configuration.deprecation  - topology.node.switch.mapping.impl is deprecated. Instead, use net.topology.node.switch.mapping.impl
24908 [Thread-14] INFO  org.apache.hadoop.conf.Configuration.deprecation  - mapred.skip.map.max.skip.records is deprecated. Instead, use mapreduce.map.skip.maxrecords
24908 [Thread-14] INFO  org.apache.hadoop.conf.Configuration.deprecation  - mapred.submit.replication is deprecated. Instead, use mapreduce.client.submit.file.replication
24908 [Thread-14] INFO  org.apache.hadoop.conf.Configuration.deprecation  - job.end.retry.attempts is deprecated. Instead, use mapreduce.job.end-notification.retry.attempts
24913 [Thread-14] INFO  org.apache.hadoop.conf.Configuration.deprecation  - mapred.job.tracker is deprecated. Instead, use mapreduce.jobtracker.address
24913 [Thread-14] INFO  org.apache.hadoop.conf.Configuration.deprecation  - mapred.reduce.slowstart.completed.maps is deprecated. Instead, use mapreduce.job.reduce.slowstart.completedmaps
24913 [Thread-14] INFO  org.apache.hadoop.conf.Configuration.deprecation  - mapred.task.profile.reduces is deprecated. Instead, use mapreduce.task.profile.reduces
24915 [Thread-14] INFO  org.apache.hadoop.conf.Configuration.deprecation  - mapred.job.queue.name is deprecated. Instead, use mapreduce.job.queuename
24916 [Thread-14] INFO  org.apache.hadoop.conf.Configuration.deprecation  - mapred.job.tracker.jobhistory.lru.cache.size is deprecated. Instead, use mapreduce.jobtracker.jobhistory.lru.cache.size
24916 [Thread-14] INFO  org.apache.hadoop.conf.Configuration.deprecation  - mapred.skip.attempts.to.start.skipping is deprecated. Instead, use mapreduce.task.skip.start.attempts
24916 [Thread-14] INFO  org.apache.hadoop.conf.Configuration.deprecation  - mapred.tasktracker.expiry.interval is deprecated. Instead, use mapreduce.jobtracker.expire.trackers.interval
24917 [Thread-14] INFO  org.apache.hadoop.conf.Configuration.deprecation  - keep.failed.task.files is deprecated. Instead, use mapreduce.task.files.preserve.failedtasks
24917 [Thread-14] INFO  org.apache.hadoop.conf.Configuration.deprecation  - mapreduce.map.class is deprecated. Instead, use mapreduce.job.map.class
24917 [Thread-14] INFO  org.apache.hadoop.conf.Configuration.deprecation  - mapred.input.dir is deprecated. Instead, use mapreduce.input.fileinputformat.inputdir
24917 [Thread-14] INFO  org.apache.hadoop.conf.Configuration.deprecation  - mapred.tasktracker.map.tasks.maximum is deprecated. Instead, use mapreduce.tasktracker.map.tasks.maximum
24918 [Thread-14] INFO  org.apache.hadoop.conf.Configuration.deprecation  - mapred.max.tracker.failures is deprecated. Instead, use mapreduce.job.maxtaskfailures.per.tracker
24918 [Thread-14] INFO  org.apache.hadoop.conf.Configuration.deprecation  - mapred.map.child.log.level is deprecated. Instead, use mapreduce.map.log.level
24918 [Thread-14] INFO  org.apache.hadoop.conf.Configuration.deprecation  - mapred.local.dir is deprecated. Instead, use mapreduce.cluster.local.dir
24926 [Thread-14] INFO  org.apache.hadoop.conf.Configuration.deprecation  - mapred.child.tmp is deprecated. Instead, use mapreduce.task.tmp.dir
24927 [Thread-14] INFO  org.apache.hadoop.conf.Configuration.deprecation  - mapred.local.dir.minspacestart is deprecated. Instead, use mapreduce.tasktracker.local.dir.minspacestart
24927 [Thread-14] INFO  org.apache.hadoop.conf.Configuration.deprecation  - mapred.used.genericoptionsparser is deprecated. Instead, use mapreduce.client.genericoptionsparser.used
24927 [Thread-14] INFO  org.apache.hadoop.conf.Configuration.deprecation  - mapreduce.reduce.class is deprecated. Instead, use mapreduce.job.reduce.class
24928 [Thread-14] INFO  org.apache.hadoop.conf.Configuration.deprecation  - tasktracker.http.threads is deprecated. Instead, use mapreduce.tasktracker.http.threads
24928 [Thread-14] INFO  org.apache.hadoop.conf.Configuration.deprecation  - mapred.map.tasks.speculative.execution is deprecated. Instead, use mapreduce.map.speculative
24928 [Thread-14] INFO  org.apache.hadoop.conf.Configuration.deprecation  - mapred.jobtracker.restart.recover is deprecated. Instead, use mapreduce.jobtracker.restart.recover
24928 [Thread-14] INFO  org.apache.hadoop.conf.Configuration.deprecation  - mapred.jobtracker.taskScheduler is deprecated. Instead, use mapreduce.jobtracker.taskscheduler
24928 [Thread-14] INFO  org.apache.hadoop.conf.Configuration.deprecation  - mapreduce.jobtracker.split.metainfo.maxsize is deprecated. Instead, use mapreduce.job.split.metainfo.maxsize
24928 [Thread-14] INFO  org.apache.hadoop.conf.Configuration.deprecation  - mapred.task.timeout is deprecated. Instead, use mapreduce.task.timeout
24929 [Thread-14] INFO  org.apache.hadoop.conf.Configuration.deprecation  - hadoop.native.lib is deprecated. Instead, use io.native.lib.available
24933 [Thread-14] INFO  org.apache.hadoop.conf.Configuration.deprecation  - mapred.task.tracker.report.address is deprecated. Instead, use mapreduce.tasktracker.report.address
24933 [Thread-14] INFO  org.apache.hadoop.conf.Configuration.deprecation  - mapred.task.profile is deprecated. Instead, use mapreduce.task.profile
24933 [Thread-14] INFO  org.apache.hadoop.conf.Configuration.deprecation  - mapreduce.inputformat.class is deprecated. Instead, use mapreduce.job.inputformat.class
24935 [Thread-14] INFO  org.apache.hadoop.conf.Configuration.deprecation  - mapred.job.reduce.markreset.buffer.percent is deprecated. Instead, use mapreduce.reduce.markreset.buffer.percent
24935 [Thread-14] INFO  org.apache.hadoop.conf.Configuration.deprecation  - mapred.merge.recordsBeforeProgress is deprecated. Instead, use mapreduce.task.merge.progress.records
24935 [Thread-14] INFO  org.apache.hadoop.conf.Configuration.deprecation  - mapred.job.reduce.input.buffer.percent is deprecated. Instead, use mapreduce.reduce.input.buffer.percent
24936 [Thread-14] INFO  org.apache.hadoop.conf.Configuration.deprecation  - mapred.job.shuffle.input.buffer.percent is deprecated. Instead, use mapreduce.reduce.shuffle.input.buffer.percent
24936 [Thread-14] INFO  org.apache.hadoop.conf.Configuration.deprecation  - job.end.retry.interval is deprecated. Instead, use mapreduce.job.end-notification.retry.interval
24936 [Thread-14] INFO  org.apache.hadoop.conf.Configuration.deprecation  - mapred.tasktracker.dns.nameserver is deprecated. Instead, use mapreduce.tasktracker.dns.nameserver
24936 [Thread-14] INFO  org.apache.hadoop.conf.Configuration.deprecation  - mapred.output.value.groupfn.class is deprecated. Instead, use mapreduce.job.output.group.comparator.class
24936 [Thread-14] INFO  org.apache.hadoop.conf.Configuration.deprecation  - mapred.speculative.execution.slowTaskThreshold is deprecated. Instead, use mapreduce.job.speculative.slowtaskthreshold
24937 [Thread-14] INFO  org.apache.hadoop.conf.Configuration.deprecation  - dfs.df.interval is deprecated. Instead, use fs.df.interval
24943 [Thread-14] INFO  org.apache.hadoop.conf.Configuration.deprecation  - mapred.temp.dir is deprecated. Instead, use mapreduce.cluster.temp.dir
24943 [Thread-14] INFO  org.apache.hadoop.conf.Configuration.deprecation  - mapreduce.outputformat.class is deprecated. Instead, use mapreduce.job.outputformat.class
24944 [Thread-14] INFO  org.apache.hadoop.conf.Configuration.deprecation  - mapred.acls.enabled is deprecated. Instead, use mapreduce.cluster.acls.enabled
24944 [Thread-14] INFO  org.apache.hadoop.conf.Configuration.deprecation  - io.sort.spill.percent is deprecated. Instead, use mapreduce.map.sort.spill.percent
24944 [Thread-14] INFO  org.apache.hadoop.conf.Configuration.deprecation  - mapred.tasktracker.instrumentation is deprecated. Instead, use mapreduce.tasktracker.instrumentation
24944 [Thread-14] INFO  org.apache.hadoop.conf.Configuration.deprecation  - mapred.job.tracker.handler.count is deprecated. Instead, use mapreduce.jobtracker.handler.count
24944 [Thread-14] INFO  org.apache.hadoop.conf.Configuration.deprecation  - mapred.reduce.tasks.speculative.execution is deprecated. Instead, use mapreduce.reduce.speculative
24945 [Thread-14] INFO  org.apache.hadoop.conf.Configuration.deprecation  - mapred.job.shuffle.merge.percent is deprecated. Instead, use mapreduce.reduce.shuffle.merge.percent
24945 [Thread-14] INFO  org.apache.hadoop.conf.Configuration.deprecation  - mapred.committer.job.setup.cleanup.needed is deprecated. Instead, use mapreduce.job.committer.setup.cleanup.needed
24945 [Thread-14] INFO  org.apache.hadoop.conf.Configuration.deprecation  - mapred.system.dir is deprecated. Instead, use mapreduce.jobtracker.system.dir
24945 [Thread-14] INFO  org.apache.hadoop.conf.Configuration.deprecation  - mapred.job.tracker.retiredjobs.cache.size is deprecated. Instead, use mapreduce.jobtracker.retiredjobs.cache.size
24945 [Thread-14] INFO  org.apache.hadoop.conf.Configuration.deprecation  - mapred.jobtracker.instrumentation is deprecated. Instead, use mapreduce.jobtracker.instrumentation
24945 [Thread-14] INFO  org.apache.hadoop.conf.Configuration.deprecation  - mapreduce.job.counters.limit is deprecated. Instead, use mapreduce.job.counters.max
24946 [Thread-14] INFO  org.apache.hadoop.conf.Configuration.deprecation  - mapred.skip.reduce.max.skip.groups is deprecated. Instead, use mapreduce.reduce.skip.maxgroups
24946 [Thread-14] INFO  org.apache.hadoop.conf.Configuration.deprecation  - mapred.jobtracker.maxtasks.per.job is deprecated. Instead, use mapreduce.jobtracker.maxtasks.perjob
24946 [Thread-14] INFO  org.apache.hadoop.conf.Configuration.deprecation  - mapred.task.tracker.task-controller is deprecated. Instead, use mapreduce.tasktracker.taskcontroller
24947 [Thread-14] INFO  org.apache.hadoop.conf.Configuration.deprecation  - mapred.reduce.parallel.copies is deprecated. Instead, use mapreduce.reduce.shuffle.parallelcopies
24947 [Thread-14] INFO  org.apache.hadoop.conf.Configuration.deprecation  - mapred.output.value.class is deprecated. Instead, use mapreduce.job.output.value.class
24947 [Thread-14] INFO  org.apache.hadoop.conf.Configuration.deprecation  - jobclient.progress.monitor.poll.interval is deprecated. Instead, use mapreduce.client.progressmonitor.pollinterval
24947 [Thread-14] INFO  org.apache.hadoop.conf.Configuration.deprecation  - mapred.map.max.attempts is deprecated. Instead, use mapreduce.map.maxattempts
24948 [Thread-14] INFO  org.apache.hadoop.conf.Configuration.deprecation  - io.sort.factor is deprecated. Instead, use mapreduce.task.io.sort.factor
24948 [Thread-14] INFO  org.apache.hadoop.conf.Configuration.deprecation  - mapred.task.profile.maps is deprecated. Instead, use mapreduce.task.profile.maps
24954 [Thread-14] INFO  org.apache.hadoop.conf.Configuration.deprecation  - mapred.shuffle.read.timeout is deprecated. Instead, use mapreduce.reduce.shuffle.read.timeout
24955 [Thread-14] INFO  org.apache.hadoop.conf.Configuration.deprecation  - mapred.output.dir is deprecated. Instead, use mapreduce.output.fileoutputformat.outputdir
24955 [Thread-14] INFO  org.apache.hadoop.conf.Configuration.deprecation  - mapred.tasktracker.indexcache.mb is deprecated. Instead, use mapreduce.tasktracker.indexcache.mb
24957 [Thread-14] INFO  org.apache.hadoop.conf.Configuration.deprecation  - mapred.max.tracker.blacklists is deprecated. Instead, use mapreduce.jobtracker.tasktracker.maxblacklists
24957 [Thread-14] INFO  org.apache.hadoop.conf.Configuration.deprecation  - io.sort.mb is deprecated. Instead, use mapreduce.task.io.sort.mb
24960 [Thread-14] INFO  org.apache.hadoop.conf.Configuration.deprecation  - topology.script.number.args is deprecated. Instead, use net.topology.script.number.args
24960 [Thread-14] INFO  org.apache.hadoop.conf.Configuration.deprecation  - mapred.tasktracker.dns.interface is deprecated. Instead, use mapreduce.tasktracker.dns.interface
24960 [Thread-14] INFO  org.apache.hadoop.conf.Configuration.deprecation  - mapred.job.tracker.persist.jobstatus.active is deprecated. Instead, use mapreduce.jobtracker.persist.jobstatus.active
24961 [Thread-14] INFO  org.apache.hadoop.conf.Configuration.deprecation  - mapreduce.combine.class is deprecated. Instead, use mapreduce.job.combine.class
24961 [Thread-14] INFO  org.apache.hadoop.conf.Configuration.deprecation  - mapred.compress.map.output is deprecated. Instead, use mapreduce.map.output.compress
24961 [Thread-14] INFO  org.apache.hadoop.conf.Configuration.deprecation  - mapred.task.cache.levels is deprecated. Instead, use mapreduce.jobtracker.taskcache.levels
24961 [Thread-14] INFO  org.apache.hadoop.conf.Configuration.deprecation  - mapred.min.split.size is deprecated. Instead, use mapreduce.input.fileinputformat.split.minsize
24961 [Thread-14] INFO  org.apache.hadoop.conf.Configuration.deprecation  - mapred.output.compress is deprecated. Instead, use mapreduce.output.fileoutputformat.compress
24989 [Thread-14] INFO  org.apache.hadoop.conf.Configuration.deprecation  - mapred.map.tasks is deprecated. Instead, use mapreduce.job.maps
24989 [Thread-14] INFO  org.apache.hadoop.conf.Configuration.deprecation  - mapred.speculative.execution.slowNodeThreshold is deprecated. Instead, use mapreduce.job.speculative.slownodethreshold
24989 [Thread-14] INFO  org.apache.hadoop.conf.Configuration.deprecation  - mapred.job.tracker.persist.jobstatus.dir is deprecated. Instead, use mapreduce.jobtracker.persist.jobstatus.dir
24990 [Thread-14] INFO  org.apache.hadoop.conf.Configuration.deprecation  - mapred.task.tracker.http.address is deprecated. Instead, use mapreduce.tasktracker.http.address
24990 [Thread-14] INFO  org.apache.hadoop.conf.Configuration.deprecation  - mapred.tasktracker.taskmemorymanager.monitoring-interval is deprecated. Instead, use mapreduce.tasktracker.taskmemorymanager.monitoringinterval
24990 [Thread-14] INFO  org.apache.hadoop.conf.Configuration.deprecation  - mapred.inmem.merge.threshold is deprecated. Instead, use mapreduce.reduce.merge.inmem.threshold
24995 [Thread-14] INFO  org.apache.hadoop.conf.Configuration.deprecation  - dfs.umaskmode is deprecated. Instead, use fs.permissions.umask-mode
24995 [Thread-14] INFO  org.apache.hadoop.conf.Configuration.deprecation  - mapred.map.output.compression.codec is deprecated. Instead, use mapreduce.map.output.compress.codec
24995 [Thread-14] INFO  org.apache.hadoop.conf.Configuration.deprecation  - mapred.reduce.child.log.level is deprecated. Instead, use mapreduce.reduce.log.level
24996 [Thread-14] INFO  org.apache.hadoop.conf.Configuration.deprecation  - mapred.healthChecker.interval is deprecated. Instead, use mapreduce.tasktracker.healthchecker.interval
24996 [Thread-14] INFO  org.apache.hadoop.conf.Configuration.deprecation  - mapred.output.compression.codec is deprecated. Instead, use mapreduce.output.fileoutputformat.compress.codec
24996 [Thread-14] INFO  org.apache.hadoop.conf.Configuration.deprecation  - mapred.speculative.execution.speculativeCap is deprecated. Instead, use mapreduce.job.speculative.speculativecap
24997 [Thread-14] INFO  org.apache.hadoop.conf.Configuration.deprecation  - io.bytes.per.checksum is deprecated. Instead, use dfs.bytes-per-checksum
24997 [Thread-14] INFO  org.apache.hadoop.conf.Configuration.deprecation  - mapred.shuffle.connect.timeout is deprecated. Instead, use mapreduce.reduce.shuffle.connect.timeout
24997 [Thread-14] INFO  org.apache.hadoop.conf.Configuration.deprecation  - mapred.reduce.tasks is deprecated. Instead, use mapreduce.job.reduces
24997 [Thread-14] INFO  org.apache.hadoop.conf.Configuration.deprecation  - mapred.output.key.comparator.class is deprecated. Instead, use mapreduce.job.output.key.comparator.class
24997 [Thread-14] INFO  org.apache.hadoop.conf.Configuration.deprecation  - jobclient.output.filter is deprecated. Instead, use mapreduce.client.output.filter
24997 [Thread-14] INFO  org.apache.hadoop.conf.Configuration.deprecation  - mapred.jobtracker.job.history.block.size is deprecated. Instead, use mapreduce.jobtracker.jobhistory.block.size
24997 [Thread-14] INFO  org.apache.hadoop.conf.Configuration.deprecation  - mapred.output.compression.type is deprecated. Instead, use mapreduce.output.fileoutputformat.compress.type
25000 [Thread-14] INFO  org.apache.hadoop.conf.Configuration.deprecation  - mapred.job.reuse.jvm.num.tasks is deprecated. Instead, use mapreduce.job.jvm.numtasks
25006 [Thread-14] INFO  org.apache.hadoop.conf.Configuration.deprecation  - mapred.reduce.max.attempts is deprecated. Instead, use mapreduce.reduce.maxattempts
25006 [Thread-14] INFO  org.apache.hadoop.conf.Configuration.deprecation  - fs.default.name is deprecated. Instead, use fs.defaultFS
25006 [Thread-14] INFO  org.apache.hadoop.conf.Configuration.deprecation  - mapred.healthChecker.script.timeout is deprecated. Instead, use mapreduce.tasktracker.healthchecker.script.timeout
25006 [Thread-14] INFO  org.apache.hadoop.conf.Configuration.deprecation  - mapred.tasktracker.reduce.tasks.maximum is deprecated. Instead, use mapreduce.tasktracker.reduce.tasks.maximum
25007 [Thread-14] INFO  org.apache.hadoop.conf.Configuration.deprecation  - mapred.userlog.limit.kb is deprecated. Instead, use mapreduce.task.userlog.limit.kb
25007 [Thread-14] INFO  org.apache.hadoop.conf.Configuration.deprecation  - mapred.output.key.class is deprecated. Instead, use mapreduce.job.output.key.class
25007 [Thread-14] INFO  org.apache.hadoop.conf.Configuration.deprecation  - mapred.userlog.retain.hours is deprecated. Instead, use mapreduce.job.userlog.retain.hours
25007 [Thread-14] INFO  org.apache.hadoop.conf.Configuration.deprecation  - mapred.local.dir.minspacekill is deprecated. Instead, use mapreduce.tasktracker.local.dir.minspacekill
25051 [Thread-14] INFO  org.apache.hadoop.mapred.LocalJobRunner  - OutputCommitter is org.apache.pig.backend.hadoop.executionengine.mapReduceLayer.PigOutputCommitter
25928 [Thread-14] INFO  org.apache.hadoop.mapred.LocalJobRunner  - Waiting for map tasks
25941 [LocalJobRunner Map Task Executor #0] INFO  org.apache.hadoop.mapred.LocalJobRunner  - Starting task: attempt_local1503141003_0001_m_000000_0
26621 [LocalJobRunner Map Task Executor #0] INFO  org.apache.hadoop.conf.Configuration.deprecation  - mapred.tip.id is deprecated. Instead, use mapreduce.task.id
26626 [LocalJobRunner Map Task Executor #0] INFO  org.apache.hadoop.conf.Configuration.deprecation  - mapred.job.id is deprecated. Instead, use mapreduce.job.id
26626 [LocalJobRunner Map Task Executor #0] INFO  org.apache.hadoop.conf.Configuration.deprecation  - user.name is deprecated. Instead, use mapreduce.job.user.name
26627 [LocalJobRunner Map Task Executor #0] INFO  org.apache.hadoop.conf.Configuration.deprecation  - mapred.task.is.map is deprecated. Instead, use mapreduce.task.ismap
26627 [LocalJobRunner Map Task Executor #0] INFO  org.apache.hadoop.conf.Configuration.deprecation  - mapred.task.id is deprecated. Instead, use mapreduce.task.attempt.id
26627 [LocalJobRunner Map Task Executor #0] INFO  org.apache.hadoop.conf.Configuration.deprecation  - mapred.task.partition is deprecated. Instead, use mapreduce.task.partition
26747 [LocalJobRunner Map Task Executor #0] INFO  org.apache.hadoop.mapred.Task  -  Using ResourceCalculatorProcessTree : [ ]
26802 [LocalJobRunner Map Task Executor #0] INFO  org.apache.hadoop.mapred.MapTask  - Processing split: Number of splits :1
Total Length = 60220
Input split[0]:
   Length = 60220
   ClassName: org.apache.hadoop.mapreduce.lib.input.FileSplit
   Locations:

-----------------------

26893 [LocalJobRunner Map Task Executor #0] INFO  org.apache.hadoop.conf.Configuration.deprecation  - mapred.work.output.dir is deprecated. Instead, use mapreduce.task.output.dir
26941 [LocalJobRunner Map Task Executor #0] INFO  org.apache.pig.backend.hadoop.executionengine.mapReduceLayer.PigRecordReader  - Current split being processed file:/home/acadgild/Downloads/TitanicData.txt:0+60220
27065 [LocalJobRunner Map Task Executor #0] INFO  org.apache.hadoop.mapred.MapTask  - Map output collector class = org.apache.hadoop.mapred.MapTask$MapOutputBuffer
27549 [LocalJobRunner Map Task Executor #0] INFO  org.apache.hadoop.mapred.MapTask  - (EQUATOR) 0 kvi 26214396(104857584)
27555 [LocalJobRunner Map Task Executor #0] INFO  org.apache.hadoop.mapred.MapTask  - mapreduce.task.io.sort.mb: 100
27556 [LocalJobRunner Map Task Executor #0] INFO  org.apache.hadoop.mapred.MapTask  - soft limit at 83886080
27556 [LocalJobRunner Map Task Executor #0] INFO  org.apache.hadoop.mapred.MapTask  - bufstart = 0; bufvoid = 104857600
27556 [LocalJobRunner Map Task Executor #0] INFO  org.apache.hadoop.mapred.MapTask  - kvstart = 26214396; length = 6553600
27737 [LocalJobRunner Map Task Executor #0] INFO  org.apache.hadoop.conf.Configuration.deprecation  - dfs.access.time.precision is deprecated. Instead, use dfs.namenode.accesstime.precision
27737 [LocalJobRunner Map Task Executor #0] INFO  org.apache.hadoop.conf.Configuration.deprecation  - dfs.safemode.threshold.pct is deprecated. Instead, use dfs.namenode.safemode.threshold-pct
27738 [LocalJobRunner Map Task Executor #0] INFO  org.apache.hadoop.conf.Configuration.deprecation  - dfs.datanode.max.xcievers is deprecated. Instead, use dfs.datanode.max.transfer.threads
27738 [LocalJobRunner Map Task Executor #0] INFO  org.apache.hadoop.conf.Configuration.deprecation  - dfs.safemode.extension is deprecated. Instead, use dfs.namenode.safemode.extension
27738 [LocalJobRunner Map Task Executor #0] INFO  org.apache.hadoop.conf.Configuration.deprecation  - io.sort.factor is deprecated. Instead, use mapreduce.task.io.sort.factor
27739 [LocalJobRunner Map Task Executor #0] INFO  org.apache.hadoop.conf.Configuration.deprecation  - io.sort.mb is deprecated. Instead, use mapreduce.task.io.sort.mb
27739 [LocalJobRunner Map Task Executor #0] INFO  org.apache.hadoop.conf.Configuration.deprecation  - dfs.http.address is deprecated. Instead, use dfs.namenode.http-address
27739 [LocalJobRunner Map Task Executor #0] INFO  org.apache.hadoop.conf.Configuration.deprecation  - mapred.working.dir is deprecated. Instead, use mapreduce.job.working.dir
27749 [LocalJobRunner Map Task Executor #0] INFO  org.apache.hadoop.conf.Configuration.deprecation  - io.bytes.per.checksum is deprecated. Instead, use dfs.bytes-per-checksum
27750 [LocalJobRunner Map Task Executor #0] INFO  org.apache.hadoop.conf.Configuration.deprecation  - dfs.max.objects is deprecated. Instead, use dfs.namenode.max.objects
27750 [LocalJobRunner Map Task Executor #0] INFO  org.apache.hadoop.conf.Configuration.deprecation  - dfs.name.edits.dir is deprecated. Instead, use dfs.namenode.edits.dir
27750 [LocalJobRunner Map Task Executor #0] INFO  org.apache.hadoop.conf.Configuration.deprecation  - dfs.replication.interval is deprecated. Instead, use dfs.namenode.replication.interval
27750 [LocalJobRunner Map Task Executor #0] INFO  org.apache.hadoop.conf.Configuration.deprecation  - dfs.replication.considerLoad is deprecated. Instead, use dfs.namenode.replication.considerLoad
27750 [LocalJobRunner Map Task Executor #0] INFO  org.apache.hadoop.conf.Configuration.deprecation  - dfs.block.size is deprecated. Instead, use dfs.blocksize
27750 [LocalJobRunner Map Task Executor #0] INFO  org.apache.hadoop.conf.Configuration.deprecation  - dfs.permissions is deprecated. Instead, use dfs.permissions.enabled
27750 [LocalJobRunner Map Task Executor #0] INFO  org.apache.hadoop.conf.Configuration.deprecation  - dfs.https.client.keystore.resource is deprecated. Instead, use dfs.client.https.keystore.resource
27751 [LocalJobRunner Map Task Executor #0] INFO  org.apache.hadoop.conf.Configuration.deprecation  - dfs.write.packet.size is deprecated. Instead, use dfs.client-write-packet-size
27751 [LocalJobRunner Map Task Executor #0] INFO  org.apache.hadoop.conf.Configuration.deprecation  - dfs.backup.http.address is deprecated. Instead, use dfs.namenode.backup.http-address
27751 [LocalJobRunner Map Task Executor #0] INFO  org.apache.hadoop.conf.Configuration.deprecation  - dfs.replication.min is deprecated. Instead, use dfs.namenode.replication.min
27765 [LocalJobRunner Map Task Executor #0] INFO  org.apache.hadoop.conf.Configuration.deprecation  - dfs.name.dir is deprecated. Instead, use dfs.namenode.name.dir
27766 [LocalJobRunner Map Task Executor #0] INFO  org.apache.hadoop.conf.Configuration.deprecation  - fs.checkpoint.period is deprecated. Instead, use dfs.namenode.checkpoint.period
27766 [LocalJobRunner Map Task Executor #0] INFO  org.apache.hadoop.conf.Configuration.deprecation  - dfs.secondary.http.address is deprecated. Instead, use dfs.namenode.secondary.http-address
27766 [LocalJobRunner Map Task Executor #0] INFO  org.apache.hadoop.conf.Configuration.deprecation  - dfs.data.dir is deprecated. Instead, use dfs.datanode.data.dir
27787 [LocalJobRunner Map Task Executor #0] INFO  org.apache.hadoop.conf.Configuration.deprecation  - dfs.name.dir.restore is deprecated. Instead, use dfs.namenode.name.dir.restore
27787 [LocalJobRunner Map Task Executor #0] INFO  org.apache.hadoop.conf.Configuration.deprecation  - mapred.skip.on is deprecated. Instead, use mapreduce.job.skiprecords
27787 [LocalJobRunner Map Task Executor #0] INFO  org.apache.hadoop.conf.Configuration.deprecation  - mapreduce.job.counters.limit is deprecated. Instead, use mapreduce.job.counters.max
27788 [LocalJobRunner Map Task Executor #0] INFO  org.apache.hadoop.conf.Configuration.deprecation  - dfs.permissions.supergroup is deprecated. Instead, use dfs.permissions.superusergroup
27788 [LocalJobRunner Map Task Executor #0] INFO  org.apache.hadoop.conf.Configuration.deprecation  - dfs.https.address is deprecated. Instead, use dfs.namenode.https-address
27788 [LocalJobRunner Map Task Executor #0] INFO  org.apache.hadoop.conf.Configuration.deprecation  - dfs.backup.address is deprecated. Instead, use dfs.namenode.backup.address
27788 [LocalJobRunner Map Task Executor #0] INFO  org.apache.hadoop.conf.Configuration.deprecation  - fs.checkpoint.edits.dir is deprecated. Instead, use dfs.namenode.checkpoint.edits.dir
27788 [LocalJobRunner Map Task Executor #0] INFO  org.apache.hadoop.conf.Configuration.deprecation  - fs.checkpoint.dir is deprecated. Instead, use dfs.namenode.checkpoint.dir
27797 [LocalJobRunner Map Task Executor #0] INFO  org.apache.hadoop.conf.Configuration.deprecation  - dfs.balance.bandwidthPerSec is deprecated. Instead, use dfs.datanode.balance.bandwidthPerSec
27798 [LocalJobRunner Map Task Executor #0] INFO  org.apache.hadoop.conf.Configuration.deprecation  - dfs.https.need.client.auth is deprecated. Instead, use dfs.client.https.need-auth
27798 [LocalJobRunner Map Task Executor #0] INFO  org.apache.hadoop.conf.Configuration.deprecation  - fs.default.name is deprecated. Instead, use fs.defaultFS
28067 [LocalJobRunner Map Task Executor #0] INFO  org.apache.pig.data.SchemaTupleBackend  - Key [pig.schematuple] was not set... will not generate code.
28586 [LocalJobRunner Map Task Executor #0] INFO  org.apache.pig.backend.hadoop.executionengine.mapReduceLayer.PigGenericMapReduce$Map  - Aliases being processed per job phase (AliasName[line,offset]): M: TITANIC[6,10],TITANIC[-1,-1],SURVIVEDFROMSOUTH[23,20],ALIVECOUNTBYEACHCLASS[29,24],GROUPBYEACHCLASS[26,19] C: ALIVECOUNTBYEACHCLASS[29,24],GROUPBYEACHCLASS[26,19] R: ALIVECOUNTBYEACHCLASS[29,24]
30425 [LocalJobRunner Map Task Executor #0] INFO  org.apache.hadoop.mapred.LocalJobRunner  - 
30432 [LocalJobRunner Map Task Executor #0] INFO  org.apache.hadoop.mapred.MapTask  - Starting flush of map output
30432 [LocalJobRunner Map Task Executor #0] INFO  org.apache.hadoop.mapred.MapTask  - Spilling map output
30432 [LocalJobRunner Map Task Executor #0] INFO  org.apache.hadoop.mapred.MapTask  - bufstart = 0; bufend = 3843; bufvoid = 104857600
30432 [LocalJobRunner Map Task Executor #0] INFO  org.apache.hadoop.mapred.MapTask  - kvstart = 26214396(104857584); kvend = 26212692(104850768); length = 1705/6553600
30807 [LocalJobRunner Map Task Executor #0] INFO  org.apache.pig.backend.hadoop.executionengine.mapReduceLayer.PigCombiner$Combine  - Aliases being processed per job phase (AliasName[line,offset]): M: TITANIC[6,10],TITANIC[-1,-1],SURVIVEDFROMSOUTH[23,20],ALIVECOUNTBYEACHCLASS[29,24],GROUPBYEACHCLASS[26,19] C: ALIVECOUNTBYEACHCLASS[29,24],GROUPBYEACHCLASS[26,19] R: ALIVECOUNTBYEACHCLASS[29,24]
31142 [LocalJobRunner Map Task Executor #0] INFO  org.apache.hadoop.mapred.MapTask  - Finished spill 0
31317 [LocalJobRunner Map Task Executor #0] INFO  org.apache.hadoop.mapred.Task  - Task:attempt_local1503141003_0001_m_000000_0 is done. And is in the process of committing
31512 [LocalJobRunner Map Task Executor #0] INFO  org.apache.hadoop.mapred.LocalJobRunner  - map
31512 [LocalJobRunner Map Task Executor #0] INFO  org.apache.hadoop.mapred.Task  - Task 'attempt_local1503141003_0001_m_000000_0' done.
31526 [LocalJobRunner Map Task Executor #0] INFO  org.apache.hadoop.mapred.LocalJobRunner  - Finishing task: attempt_local1503141003_0001_m_000000_0
31527 [Thread-14] INFO  org.apache.hadoop.mapred.LocalJobRunner  - Map task executor complete.
31796 [main] INFO  org.apache.pig.backend.hadoop.executionengine.mapReduceLayer.MapReduceLauncher  - 50% complete
31798 [main] INFO  org.apache.pig.backend.hadoop.executionengine.mapReduceLayer.MapReduceLauncher  - Running jobs are [job_local1503141003_0001]
31885 [Thread-14] INFO  org.apache.hadoop.mapred.Task  -  Using ResourceCalculatorProcessTree : [ ]
31969 [Thread-14] INFO  org.apache.hadoop.mapred.Merger  - Merging 1 sorted segments
32072 [Thread-14] INFO  org.apache.hadoop.mapred.Merger  - Down to the last merge-pass, with 1 segments left of total size: 33 bytes
32081 [Thread-14] INFO  org.apache.hadoop.mapred.LocalJobRunner  - 
32291 [Thread-14] WARN  org.apache.pig.data.SchemaTupleBackend  - SchemaTupleBackend has already been initialized
32424 [Thread-14] INFO  org.apache.pig.backend.hadoop.executionengine.mapReduceLayer.PigMapReduce$Reduce  - Aliases being processed per job phase (AliasName[line,offset]): M: TITANIC[6,10],TITANIC[-1,-1],SURVIVEDFROMSOUTH[23,20],ALIVECOUNTBYEACHCLASS[29,24],GROUPBYEACHCLASS[26,19] C: ALIVECOUNTBYEACHCLASS[29,24],GROUPBYEACHCLASS[26,19] R: ALIVECOUNTBYEACHCLASS[29,24]
32466 [Thread-14] INFO  org.apache.hadoop.mapred.Task  - Task:attempt_local1503141003_0001_r_000000_0 is done. And is in the process of committing
32513 [Thread-14] INFO  org.apache.hadoop.mapred.LocalJobRunner  - 
32517 [Thread-14] INFO  org.apache.hadoop.mapred.Task  - Task attempt_local1503141003_0001_r_000000_0 is allowed to commit now
32581 [Thread-14] INFO  org.apache.hadoop.mapreduce.lib.output.FileOutputCommitter  - Saved output of task 'attempt_local1503141003_0001_r_000000_0' to file:/tmp/temp-781963544/tmp291538424/_temporary/0/task_local1503141003_0001_r_000000
32590 [Thread-14] INFO  org.apache.hadoop.mapred.LocalJobRunner  - reduce > reduce
32590 [Thread-14] INFO  org.apache.hadoop.mapred.Task  - Task 'attempt_local1503141003_0001_r_000000_0' done.
32800 [main] INFO  org.apache.pig.backend.hadoop.executionengine.mapReduceLayer.MapReduceLauncher  - Running jobs are [job_local1503141003_0001]
32964 [main] INFO  org.apache.hadoop.metrics.jvm.JvmMetrics  - Cannot initialize JVM Metrics with processName=JobTracker, sessionId= - already initialized
33016 [main] INFO  org.apache.hadoop.metrics.jvm.JvmMetrics  - Cannot initialize JVM Metrics with processName=JobTracker, sessionId= - already initialized
33033 [main] INFO  org.apache.hadoop.metrics.jvm.JvmMetrics  - Cannot initialize JVM Metrics with processName=JobTracker, sessionId= - already initialized
33724 [main] INFO  org.apache.pig.backend.hadoop.executionengine.mapReduceLayer.MapReduceLauncher  - 100% complete
33745 [main] INFO  org.apache.pig.tools.pigstats.mapreduce.SimplePigStats  - Script Statistics: 

HadoopVersion	PigVersion	UserId	StartedAt	FinishedAt	Features
2.2.0	0.14.0	acadgild	2017-04-16 11:59:54	2017-04-16 12:00:15	GROUP_BY,FILTER

Success!

Job Stats (time in seconds):
JobId	Maps	Reduces	MaxMapTime	MinMapTime	AvgMapTime	MedianMapTime	MaxReduceTime	MinReduceTime	AvgReduceTime	MedianReducetime	Alias	Feature	Outputs
job_local1503141003_0001	1	1	n/a	n/a	n/a	n/a	n/a	n/a	n/a	n/a	ALIVECOUNTBYEACHCLASS,GROUPBYEACHCLASS,SURVIVEDFROMSOUTH,TITANIC	GROUP_BY,COMBINER	file:/tmp/temp-781963544/tmp291538424,

Input(s):
Successfully read 891 records from: "/home/acadgild/Downloads/TitanicData.txt"

Output(s):
Successfully stored 3 records in: "file:/tmp/temp-781963544/tmp291538424"

Counters:
Total records written : 3
Total bytes written : 0
Spillable Memory Manager spill count : 0
Total bags proactively spilled: 0
Total records proactively spilled: 0

Job DAG:
job_local1503141003_0001


33760 [main] INFO  org.apache.hadoop.metrics.jvm.JvmMetrics  - Cannot initialize JVM Metrics with processName=JobTracker, sessionId= - already initialized
33768 [main] INFO  org.apache.hadoop.metrics.jvm.JvmMetrics  - Cannot initialize JVM Metrics with processName=JobTracker, sessionId= - already initialized
33781 [main] INFO  org.apache.hadoop.metrics.jvm.JvmMetrics  - Cannot initialize JVM Metrics with processName=JobTracker, sessionId= - already initialized
33929 [main] INFO  org.apache.pig.backend.hadoop.executionengine.mapReduceLayer.MapReduceLauncher  - Success!
33966 [main] INFO  org.apache.hadoop.conf.Configuration.deprecation  - io.bytes.per.checksum is deprecated. Instead, use dfs.bytes-per-checksum
33971 [main] INFO  org.apache.hadoop.conf.Configuration.deprecation  - io.sort.mb is deprecated. Instead, use mapreduce.task.io.sort.mb
33974 [main] INFO  org.apache.hadoop.conf.Configuration.deprecation  - io.sort.factor is deprecated. Instead, use mapreduce.task.io.sort.factor
33975 [main] INFO  org.apache.hadoop.conf.Configuration.deprecation  - fs.default.name is deprecated. Instead, use fs.defaultFS
33976 [main] INFO  org.apache.hadoop.conf.Configuration.deprecation  - mapreduce.job.counters.limit is deprecated. Instead, use mapreduce.job.counters.max
33976 [main] WARN  org.apache.pig.data.SchemaTupleBackend  - SchemaTupleBackend has already been initialized
34078 [main] INFO  org.apache.hadoop.mapreduce.lib.input.FileInputFormat  - Total input paths to process : 1
34080 [main] INFO  org.apache.pig.backend.hadoop.executionengine.util.MapRedUtil  - Total input paths to process : 1
34776 [main] INFO  org.apache.hadoop.conf.Configuration.deprecation  - mapreduce.job.counters.limit is deprecated. Instead, use mapreduce.job.counters.max
34779 [main] INFO  org.apache.hadoop.conf.Configuration.deprecation  - io.sort.factor is deprecated. Instead, use mapreduce.task.io.sort.factor
34779 [main] INFO  org.apache.hadoop.conf.Configuration.deprecation  - io.sort.mb is deprecated. Instead, use mapreduce.task.io.sort.mb
34780 [main] INFO  org.apache.hadoop.conf.Configuration.deprecation  - io.bytes.per.checksum is deprecated. Instead, use dfs.bytes-per-checksum
34780 [main] INFO  org.apache.hadoop.conf.Configuration.deprecation  - fs.default.name is deprecated. Instead, use fs.defaultFS
34836 [main] INFO  org.apache.hadoop.conf.Configuration.deprecation  - mapred.textoutputformat.separator is deprecated. Instead, use mapreduce.output.textoutputformat.separator
35035 [main] INFO  org.apache.pig.tools.pigstats.ScriptState  - Pig features used in the script: GROUP_BY,FILTER
35283 [main] INFO  org.apache.hadoop.conf.Configuration.deprecation  - io.bytes.per.checksum is deprecated. Instead, use dfs.bytes-per-checksum
35286 [main] INFO  org.apache.hadoop.conf.Configuration.deprecation  - io.sort.mb is deprecated. Instead, use mapreduce.task.io.sort.mb
35287 [main] INFO  org.apache.hadoop.conf.Configuration.deprecation  - io.sort.factor is deprecated. Instead, use mapreduce.task.io.sort.factor
35287 [main] INFO  org.apache.hadoop.conf.Configuration.deprecation  - fs.default.name is deprecated. Instead, use fs.defaultFS
35291 [main] INFO  org.apache.hadoop.conf.Configuration.deprecation  - mapreduce.job.counters.limit is deprecated. Instead, use mapreduce.job.counters.max
35297 [main] INFO  org.apache.pig.data.SchemaTupleBackend  - Key [pig.schematuple] was not set... will not generate code.
35298 [main] INFO  org.apache.pig.newplan.logical.optimizer.LogicalPlanOptimizer  - {RULES_ENABLED=[AddForEach, ColumnMapKeyPrune, ConstantCalculator, GroupByConstParallelSetter, LimitOptimizer, LoadTypeCastInserter, MergeFilter, MergeForEach, PartitionFilterOptimizer, PredicatePushdownOptimizer, PushDownForEachFlatten, PushUpFilter, SplitFilter, StreamTypeCastInserter]}
35419 [main] INFO  org.apache.pig.backend.hadoop.executionengine.mapReduceLayer.MRCompiler  - File concatenation threshold: 100 optimistic? false
35436 [main] INFO  org.apache.pig.backend.hadoop.executionengine.util.CombinerOptimizerUtil  - Choosing to move algebraic foreach to combiner
35456 [main] INFO  org.apache.pig.backend.hadoop.executionengine.mapReduceLayer.MultiQueryOptimizer  - MR plan size before optimization: 1
35460 [main] INFO  org.apache.pig.backend.hadoop.executionengine.mapReduceLayer.MultiQueryOptimizer  - MR plan size after optimization: 1
35607 [main] INFO  org.apache.hadoop.conf.Configuration.deprecation  - io.bytes.per.checksum is deprecated. Instead, use dfs.bytes-per-checksum
35612 [main] INFO  org.apache.hadoop.conf.Configuration.deprecation  - fs.default.name is deprecated. Instead, use fs.defaultFS
35612 [main] INFO  org.apache.hadoop.conf.Configuration.deprecation  - mapreduce.job.counters.limit is deprecated. Instead, use mapreduce.job.counters.max
35629 [main] INFO  org.apache.hadoop.metrics.jvm.JvmMetrics  - Cannot initialize JVM Metrics with processName=JobTracker, sessionId= - already initialized
35645 [main] INFO  org.apache.pig.tools.pigstats.mapreduce.MRScriptState  - Pig script settings are added to the job
35658 [main] INFO  org.apache.pig.backend.hadoop.executionengine.mapReduceLayer.JobControlCompiler  - mapred.job.reduce.markreset.buffer.percent is not set, set to default 0.3
35662 [main] INFO  org.apache.pig.backend.hadoop.executionengine.mapReduceLayer.JobControlCompiler  - Reduce phase detected, estimating # of required reducers.
35663 [main] INFO  org.apache.pig.backend.hadoop.executionengine.mapReduceLayer.JobControlCompiler  - Using reducer estimator: org.apache.pig.backend.hadoop.executionengine.mapReduceLayer.InputSizeReducerEstimator
35670 [main] INFO  org.apache.pig.backend.hadoop.executionengine.mapReduceLayer.InputSizeReducerEstimator  - BytesPerReducer=1000000000 maxReducers=999 totalInputFileSize=60220
35673 [main] INFO  org.apache.pig.backend.hadoop.executionengine.mapReduceLayer.JobControlCompiler  - Setting Parallelism to 1
35758 [main] INFO  org.apache.pig.backend.hadoop.executionengine.mapReduceLayer.JobControlCompiler  - Setting up single store job
35766 [main] INFO  org.apache.pig.data.SchemaTupleFrontend  - Key [pig.schematuple] is false, will not generate code.
35766 [main] INFO  org.apache.pig.data.SchemaTupleFrontend  - Starting process to move generated code to distributed cacche
35771 [main] INFO  org.apache.pig.data.SchemaTupleFrontend  - Distributed cache not supported or needed in local mode. Setting key [pig.schematuple.local.dir] with code temp directory: /tmp/1492358417299-0
36033 [main] INFO  org.apache.pig.backend.hadoop.executionengine.mapReduceLayer.MapReduceLauncher  - 1 map-reduce job(s) waiting for submission.
36061 [JobControl] INFO  org.apache.hadoop.metrics.jvm.JvmMetrics  - Cannot initialize JVM Metrics with processName=JobTracker, sessionId= - already initialized
36262 [JobControl] WARN  org.apache.hadoop.mapreduce.JobSubmitter  - No job jar file set.  User classes may not be found. See Job or Job#setJar(String).
36388 [JobControl] INFO  org.apache.hadoop.mapreduce.lib.input.FileInputFormat  - Total input paths to process : 1
36393 [JobControl] INFO  org.apache.pig.backend.hadoop.executionengine.util.MapRedUtil  - Total input paths to process : 1
36397 [JobControl] INFO  org.apache.pig.backend.hadoop.executionengine.util.MapRedUtil  - Total input paths (combined) to process : 1
36525 [JobControl] INFO  org.apache.hadoop.mapreduce.JobSubmitter  - number of splits:1
36762 [JobControl] INFO  org.apache.hadoop.mapreduce.JobSubmitter  - Submitting tokens for job: job_local1626573563_0002
37102 [JobControl] WARN  org.apache.hadoop.conf.Configuration  - file:/tmp/hadoop-acadgild/mapred/staging/acadgild1626573563/.staging/job_local1626573563_0002/job.xml:an attempt to override final parameter: mapreduce.job.end-notification.max.retry.interval;  Ignoring.
37119 [JobControl] WARN  org.apache.hadoop.conf.Configuration  - file:/tmp/hadoop-acadgild/mapred/staging/acadgild1626573563/.staging/job_local1626573563_0002/job.xml:an attempt to override final parameter: mapreduce.job.end-notification.max.attempts;  Ignoring.
38035 [JobControl] WARN  org.apache.hadoop.conf.Configuration  - file:/tmp/hadoop-acadgild/mapred/local/localRunner/acadgild/job_local1626573563_0002/job_local1626573563_0002.xml:an attempt to override final parameter: mapreduce.job.end-notification.max.retry.interval;  Ignoring.
38047 [JobControl] WARN  org.apache.hadoop.conf.Configuration  - file:/tmp/hadoop-acadgild/mapred/local/localRunner/acadgild/job_local1626573563_0002/job_local1626573563_0002.xml:an attempt to override final parameter: mapreduce.job.end-notification.max.attempts;  Ignoring.
38055 [JobControl] INFO  org.apache.hadoop.mapreduce.Job  - The url to track the job: http://localhost:8080/
38057 [main] INFO  org.apache.pig.backend.hadoop.executionengine.mapReduceLayer.MapReduceLauncher  - HadoopJobId: job_local1626573563_0002
38057 [main] INFO  org.apache.pig.backend.hadoop.executionengine.mapReduceLayer.MapReduceLauncher  - Processing aliases ALIVECOUNTBYEACHCLASS,GROUPBYEACHCLASS,SURVIVEDFROMSOUTH,TITANIC
38057 [main] INFO  org.apache.pig.backend.hadoop.executionengine.mapReduceLayer.MapReduceLauncher  - detailed locations: M: TITANIC[6,10],TITANIC[-1,-1],SURVIVEDFROMSOUTH[23,20],ALIVECOUNTBYEACHCLASS[29,24],GROUPBYEACHCLASS[26,19] C: ALIVECOUNTBYEACHCLASS[29,24],GROUPBYEACHCLASS[26,19] R: ALIVECOUNTBYEACHCLASS[29,24]
38073 [Thread-31] INFO  org.apache.hadoop.mapred.LocalJobRunner  - OutputCommitter set in config null
38108 [main] INFO  org.apache.pig.backend.hadoop.executionengine.mapReduceLayer.MapReduceLauncher  - 0% complete
38113 [main] INFO  org.apache.pig.backend.hadoop.executionengine.mapReduceLayer.MapReduceLauncher  - Running jobs are [job_local1626573563_0002]
38171 [Thread-31] INFO  org.apache.hadoop.conf.Configuration.deprecation  - mapred.textoutputformat.separator is deprecated. Instead, use mapreduce.output.textoutputformat.separator
38181 [Thread-31] INFO  org.apache.hadoop.conf.Configuration.deprecation  - mapred.job.tracker.persist.jobstatus.hours is deprecated. Instead, use mapreduce.jobtracker.persist.jobstatus.hours
38182 [Thread-31] INFO  org.apache.hadoop.conf.Configuration.deprecation  - mapred.heartbeats.in.second is deprecated. Instead, use mapreduce.jobtracker.heartbeats.in.second
38182 [Thread-31] INFO  org.apache.hadoop.conf.Configuration.deprecation  - mapred.job.name is deprecated. Instead, use mapreduce.job.name
38182 [Thread-31] INFO  org.apache.hadoop.conf.Configuration.deprecation  - jobclient.completion.poll.interval is deprecated. Instead, use mapreduce.client.completion.pollinterval
38182 [Thread-31] INFO  org.apache.hadoop.conf.Configuration.deprecation  - mapred.tasktracker.tasks.sleeptime-before-sigkill is deprecated. Instead, use mapreduce.tasktracker.tasks.sleeptimebeforesigkill
38182 [Thread-31] INFO  org.apache.hadoop.conf.Configuration.deprecation  - mapred.job.tracker.http.address is deprecated. Instead, use mapreduce.jobtracker.http.address
38187 [Thread-31] INFO  org.apache.hadoop.conf.Configuration.deprecation  - topology.node.switch.mapping.impl is deprecated. Instead, use net.topology.node.switch.mapping.impl
38188 [Thread-31] INFO  org.apache.hadoop.conf.Configuration.deprecation  - mapred.skip.map.max.skip.records is deprecated. Instead, use mapreduce.map.skip.maxrecords
38188 [Thread-31] INFO  org.apache.hadoop.conf.Configuration.deprecation  - mapred.submit.replication is deprecated. Instead, use mapreduce.client.submit.file.replication
38188 [Thread-31] INFO  org.apache.hadoop.conf.Configuration.deprecation  - job.end.retry.attempts is deprecated. Instead, use mapreduce.job.end-notification.retry.attempts
38189 [Thread-31] INFO  org.apache.hadoop.conf.Configuration.deprecation  - mapred.job.tracker is deprecated. Instead, use mapreduce.jobtracker.address
38189 [Thread-31] INFO  org.apache.hadoop.conf.Configuration.deprecation  - mapred.reduce.slowstart.completed.maps is deprecated. Instead, use mapreduce.job.reduce.slowstart.completedmaps
38189 [Thread-31] INFO  org.apache.hadoop.conf.Configuration.deprecation  - mapred.task.profile.reduces is deprecated. Instead, use mapreduce.task.profile.reduces
38189 [Thread-31] INFO  org.apache.hadoop.conf.Configuration.deprecation  - mapred.job.queue.name is deprecated. Instead, use mapreduce.job.queuename
38189 [Thread-31] INFO  org.apache.hadoop.conf.Configuration.deprecation  - mapred.job.tracker.jobhistory.lru.cache.size is deprecated. Instead, use mapreduce.jobtracker.jobhistory.lru.cache.size
38189 [Thread-31] INFO  org.apache.hadoop.conf.Configuration.deprecation  - mapred.skip.attempts.to.start.skipping is deprecated. Instead, use mapreduce.task.skip.start.attempts
38189 [Thread-31] INFO  org.apache.hadoop.conf.Configuration.deprecation  - mapred.tasktracker.expiry.interval is deprecated. Instead, use mapreduce.jobtracker.expire.trackers.interval
38189 [Thread-31] INFO  org.apache.hadoop.conf.Configuration.deprecation  - keep.failed.task.files is deprecated. Instead, use mapreduce.task.files.preserve.failedtasks
38189 [Thread-31] INFO  org.apache.hadoop.conf.Configuration.deprecation  - mapreduce.map.class is deprecated. Instead, use mapreduce.job.map.class
38189 [Thread-31] INFO  org.apache.hadoop.conf.Configuration.deprecation  - mapred.input.dir is deprecated. Instead, use mapreduce.input.fileinputformat.inputdir
38190 [Thread-31] INFO  org.apache.hadoop.conf.Configuration.deprecation  - mapred.tasktracker.map.tasks.maximum is deprecated. Instead, use mapreduce.tasktracker.map.tasks.maximum
38190 [Thread-31] INFO  org.apache.hadoop.conf.Configuration.deprecation  - mapred.max.tracker.failures is deprecated. Instead, use mapreduce.job.maxtaskfailures.per.tracker
38190 [Thread-31] INFO  org.apache.hadoop.conf.Configuration.deprecation  - mapred.map.child.log.level is deprecated. Instead, use mapreduce.map.log.level
38190 [Thread-31] INFO  org.apache.hadoop.conf.Configuration.deprecation  - mapred.local.dir is deprecated. Instead, use mapreduce.cluster.local.dir
38190 [Thread-31] INFO  org.apache.hadoop.conf.Configuration.deprecation  - mapred.child.tmp is deprecated. Instead, use mapreduce.task.tmp.dir
38197 [Thread-31] INFO  org.apache.hadoop.conf.Configuration.deprecation  - mapred.local.dir.minspacestart is deprecated. Instead, use mapreduce.tasktracker.local.dir.minspacestart
38197 [Thread-31] INFO  org.apache.hadoop.conf.Configuration.deprecation  - mapred.used.genericoptionsparser is deprecated. Instead, use mapreduce.client.genericoptionsparser.used
38197 [Thread-31] INFO  org.apache.hadoop.conf.Configuration.deprecation  - mapreduce.reduce.class is deprecated. Instead, use mapreduce.job.reduce.class
38197 [Thread-31] INFO  org.apache.hadoop.conf.Configuration.deprecation  - tasktracker.http.threads is deprecated. Instead, use mapreduce.tasktracker.http.threads
38197 [Thread-31] INFO  org.apache.hadoop.conf.Configuration.deprecation  - mapred.map.tasks.speculative.execution is deprecated. Instead, use mapreduce.map.speculative
38197 [Thread-31] INFO  org.apache.hadoop.conf.Configuration.deprecation  - mapred.jobtracker.restart.recover is deprecated. Instead, use mapreduce.jobtracker.restart.recover
38197 [Thread-31] INFO  org.apache.hadoop.conf.Configuration.deprecation  - mapred.jobtracker.taskScheduler is deprecated. Instead, use mapreduce.jobtracker.taskscheduler
38197 [Thread-31] INFO  org.apache.hadoop.conf.Configuration.deprecation  - mapreduce.jobtracker.split.metainfo.maxsize is deprecated. Instead, use mapreduce.job.split.metainfo.maxsize
38198 [Thread-31] INFO  org.apache.hadoop.conf.Configuration.deprecation  - mapred.task.timeout is deprecated. Instead, use mapreduce.task.timeout
38198 [Thread-31] INFO  org.apache.hadoop.conf.Configuration.deprecation  - hadoop.native.lib is deprecated. Instead, use io.native.lib.available
38198 [Thread-31] INFO  org.apache.hadoop.conf.Configuration.deprecation  - mapred.task.tracker.report.address is deprecated. Instead, use mapreduce.tasktracker.report.address
38198 [Thread-31] INFO  org.apache.hadoop.conf.Configuration.deprecation  - mapred.task.profile is deprecated. Instead, use mapreduce.task.profile
38199 [Thread-31] INFO  org.apache.hadoop.conf.Configuration.deprecation  - mapreduce.inputformat.class is deprecated. Instead, use mapreduce.job.inputformat.class
38199 [Thread-31] INFO  org.apache.hadoop.conf.Configuration.deprecation  - mapred.job.reduce.markreset.buffer.percent is deprecated. Instead, use mapreduce.reduce.markreset.buffer.percent
38199 [Thread-31] INFO  org.apache.hadoop.conf.Configuration.deprecation  - mapred.merge.recordsBeforeProgress is deprecated. Instead, use mapreduce.task.merge.progress.records
38200 [Thread-31] INFO  org.apache.hadoop.conf.Configuration.deprecation  - mapred.job.reduce.input.buffer.percent is deprecated. Instead, use mapreduce.reduce.input.buffer.percent
38200 [Thread-31] INFO  org.apache.hadoop.conf.Configuration.deprecation  - mapred.job.shuffle.input.buffer.percent is deprecated. Instead, use mapreduce.reduce.shuffle.input.buffer.percent
38200 [Thread-31] INFO  org.apache.hadoop.conf.Configuration.deprecation  - job.end.retry.interval is deprecated. Instead, use mapreduce.job.end-notification.retry.interval
38200 [Thread-31] INFO  org.apache.hadoop.conf.Configuration.deprecation  - mapred.tasktracker.dns.nameserver is deprecated. Instead, use mapreduce.tasktracker.dns.nameserver
38200 [Thread-31] INFO  org.apache.hadoop.conf.Configuration.deprecation  - mapred.output.value.groupfn.class is deprecated. Instead, use mapreduce.job.output.group.comparator.class
38204 [Thread-31] INFO  org.apache.hadoop.conf.Configuration.deprecation  - mapred.speculative.execution.slowTaskThreshold is deprecated. Instead, use mapreduce.job.speculative.slowtaskthreshold
38204 [Thread-31] INFO  org.apache.hadoop.conf.Configuration.deprecation  - dfs.df.interval is deprecated. Instead, use fs.df.interval
38204 [Thread-31] INFO  org.apache.hadoop.conf.Configuration.deprecation  - mapred.temp.dir is deprecated. Instead, use mapreduce.cluster.temp.dir
38204 [Thread-31] INFO  org.apache.hadoop.conf.Configuration.deprecation  - mapreduce.outputformat.class is deprecated. Instead, use mapreduce.job.outputformat.class
38204 [Thread-31] INFO  org.apache.hadoop.conf.Configuration.deprecation  - mapred.acls.enabled is deprecated. Instead, use mapreduce.cluster.acls.enabled
38204 [Thread-31] INFO  org.apache.hadoop.conf.Configuration.deprecation  - io.sort.spill.percent is deprecated. Instead, use mapreduce.map.sort.spill.percent
38204 [Thread-31] INFO  org.apache.hadoop.conf.Configuration.deprecation  - mapred.tasktracker.instrumentation is deprecated. Instead, use mapreduce.tasktracker.instrumentation
38204 [Thread-31] INFO  org.apache.hadoop.conf.Configuration.deprecation  - mapred.job.tracker.handler.count is deprecated. Instead, use mapreduce.jobtracker.handler.count
38205 [Thread-31] INFO  org.apache.hadoop.conf.Configuration.deprecation  - mapred.reduce.tasks.speculative.execution is deprecated. Instead, use mapreduce.reduce.speculative
38205 [Thread-31] INFO  org.apache.hadoop.conf.Configuration.deprecation  - mapred.job.shuffle.merge.percent is deprecated. Instead, use mapreduce.reduce.shuffle.merge.percent
38205 [Thread-31] INFO  org.apache.hadoop.conf.Configuration.deprecation  - mapred.committer.job.setup.cleanup.needed is deprecated. Instead, use mapreduce.job.committer.setup.cleanup.needed
38205 [Thread-31] INFO  org.apache.hadoop.conf.Configuration.deprecation  - mapred.system.dir is deprecated. Instead, use mapreduce.jobtracker.system.dir
38205 [Thread-31] INFO  org.apache.hadoop.conf.Configuration.deprecation  - mapred.job.tracker.retiredjobs.cache.size is deprecated. Instead, use mapreduce.jobtracker.retiredjobs.cache.size
38205 [Thread-31] INFO  org.apache.hadoop.conf.Configuration.deprecation  - mapred.jobtracker.instrumentation is deprecated. Instead, use mapreduce.jobtracker.instrumentation
38205 [Thread-31] INFO  org.apache.hadoop.conf.Configuration.deprecation  - mapreduce.job.counters.limit is deprecated. Instead, use mapreduce.job.counters.max
38205 [Thread-31] INFO  org.apache.hadoop.conf.Configuration.deprecation  - mapred.skip.reduce.max.skip.groups is deprecated. Instead, use mapreduce.reduce.skip.maxgroups
38205 [Thread-31] INFO  org.apache.hadoop.conf.Configuration.deprecation  - mapred.jobtracker.maxtasks.per.job is deprecated. Instead, use mapreduce.jobtracker.maxtasks.perjob
38206 [Thread-31] INFO  org.apache.hadoop.conf.Configuration.deprecation  - mapred.task.tracker.task-controller is deprecated. Instead, use mapreduce.tasktracker.taskcontroller
38206 [Thread-31] INFO  org.apache.hadoop.conf.Configuration.deprecation  - mapred.reduce.parallel.copies is deprecated. Instead, use mapreduce.reduce.shuffle.parallelcopies
38206 [Thread-31] INFO  org.apache.hadoop.conf.Configuration.deprecation  - mapred.output.value.class is deprecated. Instead, use mapreduce.job.output.value.class
38206 [Thread-31] INFO  org.apache.hadoop.conf.Configuration.deprecation  - jobclient.progress.monitor.poll.interval is deprecated. Instead, use mapreduce.client.progressmonitor.pollinterval
38213 [Thread-31] INFO  org.apache.hadoop.conf.Configuration.deprecation  - mapred.map.max.attempts is deprecated. Instead, use mapreduce.map.maxattempts
38213 [Thread-31] INFO  org.apache.hadoop.conf.Configuration.deprecation  - io.sort.factor is deprecated. Instead, use mapreduce.task.io.sort.factor
38214 [Thread-31] INFO  org.apache.hadoop.conf.Configuration.deprecation  - mapred.task.profile.maps is deprecated. Instead, use mapreduce.task.profile.maps
38214 [Thread-31] INFO  org.apache.hadoop.conf.Configuration.deprecation  - mapred.shuffle.read.timeout is deprecated. Instead, use mapreduce.reduce.shuffle.read.timeout
38214 [Thread-31] INFO  org.apache.hadoop.conf.Configuration.deprecation  - mapred.output.dir is deprecated. Instead, use mapreduce.output.fileoutputformat.outputdir
38214 [Thread-31] INFO  org.apache.hadoop.conf.Configuration.deprecation  - mapred.tasktracker.indexcache.mb is deprecated. Instead, use mapreduce.tasktracker.indexcache.mb
38214 [Thread-31] INFO  org.apache.hadoop.conf.Configuration.deprecation  - mapred.max.tracker.blacklists is deprecated. Instead, use mapreduce.jobtracker.tasktracker.maxblacklists
38215 [Thread-31] INFO  org.apache.hadoop.conf.Configuration.deprecation  - io.sort.mb is deprecated. Instead, use mapreduce.task.io.sort.mb
38215 [Thread-31] INFO  org.apache.hadoop.conf.Configuration.deprecation  - topology.script.number.args is deprecated. Instead, use net.topology.script.number.args
38215 [Thread-31] INFO  org.apache.hadoop.conf.Configuration.deprecation  - mapred.tasktracker.dns.interface is deprecated. Instead, use mapreduce.tasktracker.dns.interface
38215 [Thread-31] INFO  org.apache.hadoop.conf.Configuration.deprecation  - mapred.job.tracker.persist.jobstatus.active is deprecated. Instead, use mapreduce.jobtracker.persist.jobstatus.active
38215 [Thread-31] INFO  org.apache.hadoop.conf.Configuration.deprecation  - mapreduce.combine.class is deprecated. Instead, use mapreduce.job.combine.class
38215 [Thread-31] INFO  org.apache.hadoop.conf.Configuration.deprecation  - mapred.compress.map.output is deprecated. Instead, use mapreduce.map.output.compress
38215 [Thread-31] INFO  org.apache.hadoop.conf.Configuration.deprecation  - mapred.task.cache.levels is deprecated. Instead, use mapreduce.jobtracker.taskcache.levels
38215 [Thread-31] INFO  org.apache.hadoop.conf.Configuration.deprecation  - mapred.min.split.size is deprecated. Instead, use mapreduce.input.fileinputformat.split.minsize
38215 [Thread-31] INFO  org.apache.hadoop.conf.Configuration.deprecation  - mapred.output.compress is deprecated. Instead, use mapreduce.output.fileoutputformat.compress
38216 [Thread-31] INFO  org.apache.hadoop.conf.Configuration.deprecation  - mapred.map.tasks is deprecated. Instead, use mapreduce.job.maps
38216 [Thread-31] INFO  org.apache.hadoop.conf.Configuration.deprecation  - mapred.speculative.execution.slowNodeThreshold is deprecated. Instead, use mapreduce.job.speculative.slownodethreshold
38216 [Thread-31] INFO  org.apache.hadoop.conf.Configuration.deprecation  - mapred.job.tracker.persist.jobstatus.dir is deprecated. Instead, use mapreduce.jobtracker.persist.jobstatus.dir
38216 [Thread-31] INFO  org.apache.hadoop.conf.Configuration.deprecation  - mapred.task.tracker.http.address is deprecated. Instead, use mapreduce.tasktracker.http.address
38216 [Thread-31] INFO  org.apache.hadoop.conf.Configuration.deprecation  - mapred.tasktracker.taskmemorymanager.monitoring-interval is deprecated. Instead, use mapreduce.tasktracker.taskmemorymanager.monitoringinterval
38216 [Thread-31] INFO  org.apache.hadoop.conf.Configuration.deprecation  - mapred.inmem.merge.threshold is deprecated. Instead, use mapreduce.reduce.merge.inmem.threshold
38221 [Thread-31] INFO  org.apache.hadoop.conf.Configuration.deprecation  - dfs.umaskmode is deprecated. Instead, use fs.permissions.umask-mode
38222 [Thread-31] INFO  org.apache.hadoop.conf.Configuration.deprecation  - mapred.map.output.compression.codec is deprecated. Instead, use mapreduce.map.output.compress.codec
38231 [Thread-31] INFO  org.apache.hadoop.conf.Configuration.deprecation  - mapred.reduce.child.log.level is deprecated. Instead, use mapreduce.reduce.log.level
38232 [Thread-31] INFO  org.apache.hadoop.conf.Configuration.deprecation  - mapred.healthChecker.interval is deprecated. Instead, use mapreduce.tasktracker.healthchecker.interval
38232 [Thread-31] INFO  org.apache.hadoop.conf.Configuration.deprecation  - mapred.output.compression.codec is deprecated. Instead, use mapreduce.output.fileoutputformat.compress.codec
38233 [Thread-31] INFO  org.apache.hadoop.conf.Configuration.deprecation  - mapred.speculative.execution.speculativeCap is deprecated. Instead, use mapreduce.job.speculative.speculativecap
38233 [Thread-31] INFO  org.apache.hadoop.conf.Configuration.deprecation  - io.bytes.per.checksum is deprecated. Instead, use dfs.bytes-per-checksum
38233 [Thread-31] INFO  org.apache.hadoop.conf.Configuration.deprecation  - mapred.shuffle.connect.timeout is deprecated. Instead, use mapreduce.reduce.shuffle.connect.timeout
38233 [Thread-31] INFO  org.apache.hadoop.conf.Configuration.deprecation  - mapred.reduce.tasks is deprecated. Instead, use mapreduce.job.reduces
38233 [Thread-31] INFO  org.apache.hadoop.conf.Configuration.deprecation  - mapred.output.key.comparator.class is deprecated. Instead, use mapreduce.job.output.key.comparator.class
38233 [Thread-31] INFO  org.apache.hadoop.conf.Configuration.deprecation  - jobclient.output.filter is deprecated. Instead, use mapreduce.client.output.filter
38233 [Thread-31] INFO  org.apache.hadoop.conf.Configuration.deprecation  - mapred.jobtracker.job.history.block.size is deprecated. Instead, use mapreduce.jobtracker.jobhistory.block.size
38239 [Thread-31] INFO  org.apache.hadoop.conf.Configuration.deprecation  - mapred.output.compression.type is deprecated. Instead, use mapreduce.output.fileoutputformat.compress.type
38239 [Thread-31] INFO  org.apache.hadoop.conf.Configuration.deprecation  - mapred.job.reuse.jvm.num.tasks is deprecated. Instead, use mapreduce.job.jvm.numtasks
38239 [Thread-31] INFO  org.apache.hadoop.conf.Configuration.deprecation  - mapred.reduce.max.attempts is deprecated. Instead, use mapreduce.reduce.maxattempts
38239 [Thread-31] INFO  org.apache.hadoop.conf.Configuration.deprecation  - fs.default.name is deprecated. Instead, use fs.defaultFS
38240 [Thread-31] INFO  org.apache.hadoop.conf.Configuration.deprecation  - mapred.healthChecker.script.timeout is deprecated. Instead, use mapreduce.tasktracker.healthchecker.script.timeout
38240 [Thread-31] INFO  org.apache.hadoop.conf.Configuration.deprecation  - mapred.tasktracker.reduce.tasks.maximum is deprecated. Instead, use mapreduce.tasktracker.reduce.tasks.maximum
38240 [Thread-31] INFO  org.apache.hadoop.conf.Configuration.deprecation  - mapred.userlog.limit.kb is deprecated. Instead, use mapreduce.task.userlog.limit.kb
38240 [Thread-31] INFO  org.apache.hadoop.conf.Configuration.deprecation  - mapred.output.key.class is deprecated. Instead, use mapreduce.job.output.key.class
38240 [Thread-31] INFO  org.apache.hadoop.conf.Configuration.deprecation  - mapred.userlog.retain.hours is deprecated. Instead, use mapreduce.job.userlog.retain.hours
38240 [Thread-31] INFO  org.apache.hadoop.conf.Configuration.deprecation  - mapred.local.dir.minspacekill is deprecated. Instead, use mapreduce.tasktracker.local.dir.minspacekill
38249 [Thread-31] INFO  org.apache.hadoop.mapred.LocalJobRunner  - OutputCommitter is org.apache.pig.backend.hadoop.executionengine.mapReduceLayer.PigOutputCommitter
38378 [Thread-31] INFO  org.apache.hadoop.mapred.LocalJobRunner  - Waiting for map tasks
38379 [LocalJobRunner Map Task Executor #0] INFO  org.apache.hadoop.mapred.LocalJobRunner  - Starting task: attempt_local1626573563_0002_m_000000_0
38545 [LocalJobRunner Map Task Executor #0] INFO  org.apache.hadoop.conf.Configuration.deprecation  - user.name is deprecated. Instead, use mapreduce.job.user.name
38552 [LocalJobRunner Map Task Executor #0] INFO  org.apache.hadoop.mapred.Task  -  Using ResourceCalculatorProcessTree : [ ]
38576 [LocalJobRunner Map Task Executor #0] INFO  org.apache.hadoop.mapred.MapTask  - Processing split: Number of splits :1
Total Length = 60220
Input split[0]:
   Length = 60220
   ClassName: org.apache.hadoop.mapreduce.lib.input.FileSplit
   Locations:

-----------------------

38632 [LocalJobRunner Map Task Executor #0] INFO  org.apache.pig.backend.hadoop.executionengine.mapReduceLayer.PigRecordReader  - Current split being processed file:/home/acadgild/Downloads/TitanicData.txt:0+60220
38642 [LocalJobRunner Map Task Executor #0] INFO  org.apache.hadoop.mapred.MapTask  - Map output collector class = org.apache.hadoop.mapred.MapTask$MapOutputBuffer
38992 [LocalJobRunner Map Task Executor #0] INFO  org.apache.hadoop.mapred.MapTask  - (EQUATOR) 0 kvi 26214396(104857584)
38993 [LocalJobRunner Map Task Executor #0] INFO  org.apache.hadoop.mapred.MapTask  - mapreduce.task.io.sort.mb: 100
38993 [LocalJobRunner Map Task Executor #0] INFO  org.apache.hadoop.mapred.MapTask  - soft limit at 83886080
38993 [LocalJobRunner Map Task Executor #0] INFO  org.apache.hadoop.mapred.MapTask  - bufstart = 0; bufvoid = 104857600
38993 [LocalJobRunner Map Task Executor #0] INFO  org.apache.hadoop.mapred.MapTask  - kvstart = 26214396; length = 6553600
39014 [LocalJobRunner Map Task Executor #0] INFO  org.apache.hadoop.conf.Configuration.deprecation  - mapred.working.dir is deprecated. Instead, use mapreduce.job.working.dir
39078 [LocalJobRunner Map Task Executor #0] INFO  org.apache.pig.data.SchemaTupleBackend  - Key [pig.schematuple] was not set... will not generate code.
39236 [LocalJobRunner Map Task Executor #0] INFO  org.apache.pig.backend.hadoop.executionengine.mapReduceLayer.PigGenericMapReduce$Map  - Aliases being processed per job phase (AliasName[line,offset]): M: TITANIC[6,10],TITANIC[-1,-1],SURVIVEDFROMSOUTH[23,20],ALIVECOUNTBYEACHCLASS[29,24],GROUPBYEACHCLASS[26,19] C: ALIVECOUNTBYEACHCLASS[29,24],GROUPBYEACHCLASS[26,19] R: ALIVECOUNTBYEACHCLASS[29,24]
40180 [LocalJobRunner Map Task Executor #0] INFO  org.apache.hadoop.mapred.LocalJobRunner  - 
40180 [LocalJobRunner Map Task Executor #0] INFO  org.apache.hadoop.mapred.MapTask  - Starting flush of map output
40180 [LocalJobRunner Map Task Executor #0] INFO  org.apache.hadoop.mapred.MapTask  - Spilling map output
40181 [LocalJobRunner Map Task Executor #0] INFO  org.apache.hadoop.mapred.MapTask  - bufstart = 0; bufend = 3843; bufvoid = 104857600
40181 [LocalJobRunner Map Task Executor #0] INFO  org.apache.hadoop.mapred.MapTask  - kvstart = 26214396(104857584); kvend = 26212692(104850768); length = 1705/6553600
40404 [LocalJobRunner Map Task Executor #0] INFO  org.apache.hadoop.mapred.MapTask  - Finished spill 0
40441 [LocalJobRunner Map Task Executor #0] INFO  org.apache.hadoop.mapred.Task  - Task:attempt_local1626573563_0002_m_000000_0 is done. And is in the process of committing
40476 [LocalJobRunner Map Task Executor #0] INFO  org.apache.hadoop.mapred.LocalJobRunner  - map
40476 [LocalJobRunner Map Task Executor #0] INFO  org.apache.hadoop.mapred.Task  - Task 'attempt_local1626573563_0002_m_000000_0' done.
40477 [LocalJobRunner Map Task Executor #0] INFO  org.apache.hadoop.mapred.LocalJobRunner  - Finishing task: attempt_local1626573563_0002_m_000000_0
40477 [Thread-31] INFO  org.apache.hadoop.mapred.LocalJobRunner  - Map task executor complete.
40570 [Thread-31] INFO  org.apache.hadoop.mapred.Task  -  Using ResourceCalculatorProcessTree : [ ]
40577 [Thread-31] INFO  org.apache.hadoop.mapred.Merger  - Merging 1 sorted segments
40578 [Thread-31] INFO  org.apache.hadoop.mapred.Merger  - Down to the last merge-pass, with 1 segments left of total size: 33 bytes
40586 [Thread-31] INFO  org.apache.hadoop.mapred.LocalJobRunner  - 
40617 [main] INFO  org.apache.pig.backend.hadoop.executionengine.mapReduceLayer.MapReduceLauncher  - 50% complete
40617 [main] INFO  org.apache.pig.backend.hadoop.executionengine.mapReduceLayer.MapReduceLauncher  - Running jobs are [job_local1626573563_0002]
40690 [Thread-31] WARN  org.apache.pig.data.SchemaTupleBackend  - SchemaTupleBackend has already been initialized
40740 [Thread-31] INFO  org.apache.pig.backend.hadoop.executionengine.mapReduceLayer.PigMapReduce$Reduce  - Aliases being processed per job phase (AliasName[line,offset]): M: TITANIC[6,10],TITANIC[-1,-1],SURVIVEDFROMSOUTH[23,20],ALIVECOUNTBYEACHCLASS[29,24],GROUPBYEACHCLASS[26,19] C: ALIVECOUNTBYEACHCLASS[29,24],GROUPBYEACHCLASS[26,19] R: ALIVECOUNTBYEACHCLASS[29,24]
40763 [Thread-31] INFO  org.apache.hadoop.mapred.Task  - Task:attempt_local1626573563_0002_r_000000_0 is done. And is in the process of committing
40790 [Thread-31] INFO  org.apache.hadoop.mapred.LocalJobRunner  - 
40791 [Thread-31] INFO  org.apache.hadoop.mapred.Task  - Task attempt_local1626573563_0002_r_000000_0 is allowed to commit now
40811 [Thread-31] INFO  org.apache.hadoop.mapreduce.lib.output.FileOutputCommitter  - Saved output of task 'attempt_local1626573563_0002_r_000000_0' to file:/home/acadgild/Downloads/project/1_project_1/alivecountbyeachclass/_temporary/0/task_local1626573563_0002_r_000000
40818 [Thread-31] INFO  org.apache.hadoop.mapred.LocalJobRunner  - reduce > reduce
40819 [Thread-31] INFO  org.apache.hadoop.mapred.Task  - Task 'attempt_local1626573563_0002_r_000000_0' done.
41067 [main] INFO  org.apache.hadoop.metrics.jvm.JvmMetrics  - Cannot initialize JVM Metrics with processName=JobTracker, sessionId= - already initialized
41084 [main] INFO  org.apache.hadoop.metrics.jvm.JvmMetrics  - Cannot initialize JVM Metrics with processName=JobTracker, sessionId= - already initialized
41110 [main] INFO  org.apache.hadoop.metrics.jvm.JvmMetrics  - Cannot initialize JVM Metrics with processName=JobTracker, sessionId= - already initialized
41186 [main] INFO  org.apache.pig.backend.hadoop.executionengine.mapReduceLayer.MapReduceLauncher  - 100% complete
41203 [main] INFO  org.apache.pig.tools.pigstats.mapreduce.SimplePigStats  - Script Statistics: 

HadoopVersion	PigVersion	UserId	StartedAt	FinishedAt	Features
2.2.0	0.14.0	acadgild	2017-04-16 12:00:17	2017-04-16 12:00:22	GROUP_BY,FILTER

Success!

Job Stats (time in seconds):
JobId	Maps	Reduces	MaxMapTime	MinMapTime	AvgMapTime	MedianMapTime	MaxReduceTime	MinReduceTime	AvgReduceTime	MedianReducetime	Alias	Feature	Outputs
job_local1626573563_0002	1	1	n/a	n/a	n/a	n/a	n/a	n/a	n/a	n/a	ALIVECOUNTBYEACHCLASS,GROUPBYEACHCLASS,SURVIVEDFROMSOUTH,TITANIC	GROUP_BY,COMBINER	/home/acadgild/Downloads/project/1_project_1/alivecountbyeachclass,

Input(s):
Successfully read 891 records from: "/home/acadgild/Downloads/TitanicData.txt"

Output(s):
Successfully stored 3 records in: "/home/acadgild/Downloads/project/1_project_1/alivecountbyeachclass"

Counters:
Total records written : 3
Total bytes written : 0
Spillable Memory Manager spill count : 0
Total bags proactively spilled: 0
Total records proactively spilled: 0

Job DAG:
job_local1626573563_0002


41226 [main] INFO  org.apache.hadoop.metrics.jvm.JvmMetrics  - Cannot initialize JVM Metrics with processName=JobTracker, sessionId= - already initialized
41240 [main] INFO  org.apache.hadoop.metrics.jvm.JvmMetrics  - Cannot initialize JVM Metrics with processName=JobTracker, sessionId= - already initialized
41258 [main] INFO  org.apache.hadoop.metrics.jvm.JvmMetrics  - Cannot initialize JVM Metrics with processName=JobTracker, sessionId= - already initialized
41337 [main] INFO  org.apache.pig.backend.hadoop.executionengine.mapReduceLayer.MapReduceLauncher  - Success!
41592 [main] INFO  org.apache.pig.Main  - Pig script completed in 43 seconds and 838 milliseconds (43838 ms)
